#
# There is insufficient memory for the Java Runtime Environment to continue.
# Native memory allocation (mmap) failed to map 90177536 bytes for G1 virtual space
# Possible reasons:
#   The system is out of physical RAM or swap space
#   The process is running with CompressedOops enabled, and the Java Heap may be blocking the growth of the native heap
# Possible solutions:
#   Reduce memory load on the system
#   Increase physical memory or swap space
#   Check if swap backing store is full
#   Decrease Java heap size (-Xmx/-Xms)
#   Decrease number of Java threads
#   Decrease Java thread stack sizes (-Xss)
#   Set larger code cache with -XX:ReservedCodeCacheSize=
#   JVM is running with Unscaled Compressed Oops mode in which the Java heap is
#     placed in the first 4GB address space. The Java Heap base address is the
#     maximum limit for the native heap growth. Please use -XX:HeapBaseMinAddress
#     to set the Java Heap base and to place the Java Heap above 4GB virtual address.
# This output file may be truncated or incomplete.
#
#  Out of Memory Error (os_windows.cpp:3535), pid=1216, tid=1300
#
# JRE version: Java(TM) SE Runtime Environment (17.0.4.1+1) (build 17.0.4.1+1-LTS-2)
# Java VM: Java HotSpot(TM) 64-Bit Server VM (17.0.4.1+1-LTS-2, mixed mode, sharing, tiered, compressed oops, compressed class ptrs, g1 gc, windows-amd64)
# No core dump will be written. Minidumps are not enabled by default on client versions of Windows
#

---------------  S U M M A R Y ------------

Command Line: -Dmaven.multiModuleProjectDirectory=E:\buku-services\buku-services org.apache.maven.wrapper.MavenWrapperMain -Dmaven.ext.class.path=C:\Program Files\NetBeans-13\netbeans\java\maven-nblib\netbeans-eventspy.jar -Dfile.encoding=UTF-8 install

Host: Intel(R) Core(TM) i3-2348M CPU @ 2.30GHz, 4 cores, 3G,  Windows 10 , 64 bit Build 19041 (10.0.19041.1741)
Time: Mon Jan  2 21:16:40 2023 Pacific Standard Time elapsed time: 11.520005 seconds (0d 0h 0m 11s)

---------------  T H R E A D  ---------------

Current thread (0x000001e09f8e4390):  VMThread "VM Thread" [stack: 0x000000dce8800000,0x000000dce8900000] [id=1300]

Stack: [0x000000dce8800000,0x000000dce8900000]
Native frames: (J=compiled Java code, j=interpreted, Vv=VM code, C=native code)
V  [jvm.dll+0x6723ba]
V  [jvm.dll+0x7d1e34]
V  [jvm.dll+0x7d35de]
V  [jvm.dll+0x7d3c43]
V  [jvm.dll+0x243065]
V  [jvm.dll+0x66f2d9]
V  [jvm.dll+0x663c22]
V  [jvm.dll+0x3011cb]
V  [jvm.dll+0x308766]
V  [jvm.dll+0x35846e]
V  [jvm.dll+0x35869f]
V  [jvm.dll+0x2d83e8]
V  [jvm.dll+0x2d66b4]
V  [jvm.dll+0x2d5cbc]
V  [jvm.dll+0x31972b]
V  [jvm.dll+0x7d811b]
V  [jvm.dll+0x7d8e54]
V  [jvm.dll+0x7d936c]
V  [jvm.dll+0x7d9744]
V  [jvm.dll+0x7d9810]
V  [jvm.dll+0x781fca]
V  [jvm.dll+0x671245]
C  [ucrtbase.dll+0x21bb2]
C  [KERNEL32.DLL+0x17034]
C  [ntdll.dll+0x52651]

VM_Operation (0x000000dce82fbf60): G1CollectForAllocation, mode: safepoint, requested by thread 0x000001e09f82e4f0


---------------  P R O C E S S  ---------------

Threads class SMR info:
_java_thread_list=0x000001e0bc98fcf0, length=12, elements={
0x000001e09f82e4f0, 0x000001e09f8e9ff0, 0x000001e09f8eb600, 0x000001e09f900980,
0x000001e09f904350, 0x000001e09f905cb0, 0x000001e09f90a4e0, 0x000001e09f90c5b0,
0x000001e0ba991fa0, 0x000001e09f90ead0, 0x000001e0bb452520, 0x000001e0bb451b80
}

Java Threads: ( => current thread )
  0x000001e09f82e4f0 JavaThread "main" [_thread_blocked, id=7308, stack(0x000000dce8200000,0x000000dce8300000)]
  0x000001e09f8e9ff0 JavaThread "Reference Handler" daemon [_thread_blocked, id=1612, stack(0x000000dce8900000,0x000000dce8a00000)]
  0x000001e09f8eb600 JavaThread "Finalizer" daemon [_thread_blocked, id=6604, stack(0x000000dce8a00000,0x000000dce8b00000)]
  0x000001e09f900980 JavaThread "Signal Dispatcher" daemon [_thread_blocked, id=7116, stack(0x000000dce8b00000,0x000000dce8c00000)]
  0x000001e09f904350 JavaThread "Attach Listener" daemon [_thread_blocked, id=3212, stack(0x000000dce8c00000,0x000000dce8d00000)]
  0x000001e09f905cb0 JavaThread "Service Thread" daemon [_thread_blocked, id=4276, stack(0x000000dce8d00000,0x000000dce8e00000)]
  0x000001e09f90a4e0 JavaThread "Monitor Deflation Thread" daemon [_thread_blocked, id=4984, stack(0x000000dce8e00000,0x000000dce8f00000)]
  0x000001e09f90c5b0 JavaThread "C2 CompilerThread0" daemon [_thread_blocked, id=6580, stack(0x000000dce8f00000,0x000000dce9000000)]
  0x000001e0ba991fa0 JavaThread "C1 CompilerThread0" daemon [_thread_blocked, id=5428, stack(0x000000dce9000000,0x000000dce9100000)]
  0x000001e09f90ead0 JavaThread "Sweeper thread" daemon [_thread_blocked, id=1740, stack(0x000000dce9100000,0x000000dce9200000)]
  0x000001e0bb452520 JavaThread "Notification Thread" daemon [_thread_blocked, id=7540, stack(0x000000dce9200000,0x000000dce9300000)]
  0x000001e0bb451b80 JavaThread "Common-Cleaner" daemon [_thread_blocked, id=8036, stack(0x000000dce9400000,0x000000dce9500000)]

Other Threads:
=>0x000001e09f8e4390 VMThread "VM Thread" [stack: 0x000000dce8800000,0x000000dce8900000] [id=1300]
  0x000001e09f87b2d0 WatcherThread [stack: 0x000000dce9300000,0x000000dce9400000] [id=1692]
  0x000001e09f86a0e0 GCTaskThread "GC Thread#0" [stack: 0x000000dce8300000,0x000000dce8400000] [id=32]
  0x000001e0bbcee150 GCTaskThread "GC Thread#1" [stack: 0x000000dce9500000,0x000000dce9600000] [id=4224]
  0x000001e0bbcc7830 GCTaskThread "GC Thread#2" [stack: 0x000000dce9600000,0x000000dce9700000] [id=2688]
  0x000001e0bba035a0 GCTaskThread "GC Thread#3" [stack: 0x000000dce9700000,0x000000dce9800000] [id=4100]
  0x000001e09f872b20 ConcurrentGCThread "G1 Main Marker" [stack: 0x000000dce8400000,0x000000dce8500000] [id=7600]
  0x000001e09f873cd0 ConcurrentGCThread "G1 Conc#0" [stack: 0x000000dce8500000,0x000000dce8600000] [id=4680]
  0x000001e09f8b3650 ConcurrentGCThread "G1 Refine#0" [stack: 0x000000dce8600000,0x000000dce8700000] [id=6320]
  0x000001e09f8b4070 ConcurrentGCThread "G1 Service" [stack: 0x000000dce8700000,0x000000dce8800000] [id=4180]

Threads with active compile tasks:
C2 CompilerThread0    11570 5849       4       com.sun.tools.javac.jvm.PoolReader::resolve (344 bytes)
C1 CompilerThread0    11570 5921   !   3       sun.nio.fs.WindowsPath::initOffsets (153 bytes)

VM state: at safepoint (normal execution)

VM Mutex/Monitor currently owned by a thread:  ([mutex/lock_event])
[0x000001e09f82b150] Threads_lock - owner thread: 0x000001e09f8e4390
[0x000001e09f82a340] Heap_lock - owner thread: 0x000001e09f82e4f0

Heap address: 0x00000000c2800000, size: 984 MB, Compressed Oops mode: 32-bit

CDS archive(s) mapped at: [0x0000000800000000-0x0000000800bc0000-0x0000000800bc0000), size 12320768, SharedBaseAddress: 0x0000000800000000, ArchiveRelocationMode: 0.
Compressed class space mapped at: 0x0000000800c00000-0x0000000840c00000, reserved size: 1073741824
Narrow klass base: 0x0000000800000000, Narrow klass shift: 0, Narrow klass range: 0x100000000

GC Precious Log:
 CPUs: 4 total, 4 available
 Memory: 3932M
 Large Page Support: Disabled
 NUMA Support: Disabled
 Compressed Oops: Enabled (32-bit)
 Heap Region Size: 1M
 Heap Min Capacity: 8M
 Heap Initial Capacity: 62M
 Heap Max Capacity: 984M
 Pre-touch: Disabled
 Parallel Workers: 4
 Concurrent Workers: 1
 Concurrent Refinement Workers: 4
 Periodic GC: Disabled

Heap:
 garbage-first heap   total 89088K, used 33629K [0x00000000c2800000, 0x0000000100000000)
  region size 1024K, 2 young (2048K), 2 survivors (2048K)
 Metaspace       used 27096K, committed 27456K, reserved 1081344K
  class space    used 3076K, committed 3200K, reserved 1048576K

Heap Regions: E=young(eden), S=young(survivor), O=old, HS=humongous(starts), HC=humongous(continues), CS=collection set, F=free, OA=open archive, CA=closed archive, TAMS=top-at-mark-start (previous, next)
|   0|0x00000000c2800000, 0x00000000c2900000, 0x00000000c2900000|100%| O|  |TAMS 0x00000000c2900000, 0x00000000c2900000| Untracked 
|   1|0x00000000c2900000, 0x00000000c2a00000, 0x00000000c2a00000|100%| O|  |TAMS 0x00000000c2a00000, 0x00000000c2a00000| Untracked 
|   2|0x00000000c2a00000, 0x00000000c2b00000, 0x00000000c2b00000|100%| O|  |TAMS 0x00000000c2b00000, 0x00000000c2b00000| Untracked 
|   3|0x00000000c2b00000, 0x00000000c2c00000, 0x00000000c2c00000|100%| O|  |TAMS 0x00000000c2c00000, 0x00000000c2c00000| Untracked 
|   4|0x00000000c2c00000, 0x00000000c2d00000, 0x00000000c2d00000|100%| O|  |TAMS 0x00000000c2d00000, 0x00000000c2d00000| Untracked 
|   5|0x00000000c2d00000, 0x00000000c2e00000, 0x00000000c2e00000|100%| O|  |TAMS 0x00000000c2e00000, 0x00000000c2e00000| Untracked 
|   6|0x00000000c2e00000, 0x00000000c2f00000, 0x00000000c2f00000|100%| O|  |TAMS 0x00000000c2f00000, 0x00000000c2f00000| Untracked 
|   7|0x00000000c2f00000, 0x00000000c3000000, 0x00000000c3000000|100%| O|  |TAMS 0x00000000c3000000, 0x00000000c3000000| Untracked 
|   8|0x00000000c3000000, 0x00000000c3100000, 0x00000000c3100000|100%| O|  |TAMS 0x00000000c3100000, 0x00000000c3100000| Untracked 
|   9|0x00000000c3100000, 0x00000000c3200000, 0x00000000c3200000|100%| O|  |TAMS 0x00000000c3200000, 0x00000000c3200000| Untracked 
|  10|0x00000000c3200000, 0x00000000c3300000, 0x00000000c3300000|100%| O|  |TAMS 0x00000000c3300000, 0x00000000c3300000| Untracked 
|  11|0x00000000c3300000, 0x00000000c3362200, 0x00000000c3400000| 38%| O|  |TAMS 0x00000000c3362200, 0x00000000c3362200| Untracked 
|  12|0x00000000c3400000, 0x00000000c3400000, 0x00000000c3500000|  0%| F|  |TAMS 0x00000000c3400000, 0x00000000c3400000| Untracked 
|  13|0x00000000c3500000, 0x00000000c3600000, 0x00000000c3600000|100%|HS|  |TAMS 0x00000000c3500000, 0x00000000c3600000| Complete 
|  14|0x00000000c3600000, 0x00000000c3700000, 0x00000000c3700000|100%| O|  |TAMS 0x00000000c3600000, 0x00000000c3700000| Untracked 
|  15|0x00000000c3700000, 0x00000000c3800000, 0x00000000c3800000|100%| O|  |TAMS 0x00000000c3700000, 0x00000000c3800000| Untracked 
|  16|0x00000000c3800000, 0x00000000c3900000, 0x00000000c3900000|100%| O|  |TAMS 0x00000000c3800000, 0x00000000c3900000| Untracked 
|  17|0x00000000c3900000, 0x00000000c3a00000, 0x00000000c3a00000|100%| O|  |TAMS 0x00000000c3900000, 0x00000000c3a00000| Untracked 
|  18|0x00000000c3a00000, 0x00000000c3b00000, 0x00000000c3b00000|100%| O|  |TAMS 0x00000000c3a00000, 0x00000000c3b00000| Untracked 
|  19|0x00000000c3b00000, 0x00000000c3c00000, 0x00000000c3c00000|100%| O|  |TAMS 0x00000000c3b00000, 0x00000000c3c00000| Untracked 
|  20|0x00000000c3c00000, 0x00000000c3d00000, 0x00000000c3d00000|100%| O|  |TAMS 0x00000000c3c00000, 0x00000000c3d00000| Untracked 
|  21|0x00000000c3d00000, 0x00000000c3e00000, 0x00000000c3e00000|100%| O|  |TAMS 0x00000000c3d00000, 0x00000000c3e00000| Untracked 
|  22|0x00000000c3e00000, 0x00000000c3f00000, 0x00000000c3f00000|100%| O|  |TAMS 0x00000000c3e00000, 0x00000000c3f00000| Untracked 
|  23|0x00000000c3f00000, 0x00000000c3fe4600, 0x00000000c4000000| 89%| O|  |TAMS 0x00000000c3f00000, 0x00000000c3fe4600| Untracked 
|  24|0x00000000c4000000, 0x00000000c4000000, 0x00000000c4100000|  0%| F|  |TAMS 0x00000000c4000000, 0x00000000c4000000| Untracked 
|  25|0x00000000c4100000, 0x00000000c4100000, 0x00000000c4200000|  0%| F|  |TAMS 0x00000000c4100000, 0x00000000c4100000| Untracked 
|  26|0x00000000c4200000, 0x00000000c4300000, 0x00000000c4300000|100%| O|  |TAMS 0x00000000c4200000, 0x00000000c4300000| Untracked 
|  27|0x00000000c4300000, 0x00000000c4400000, 0x00000000c4400000|100%| O|  |TAMS 0x00000000c4300000, 0x00000000c4400000| Untracked 
|  28|0x00000000c4400000, 0x00000000c4500000, 0x00000000c4500000|100%| O|  |TAMS 0x00000000c4400000, 0x00000000c4500000| Untracked 
|  29|0x00000000c4500000, 0x00000000c4600000, 0x00000000c4600000|100%| O|  |TAMS 0x00000000c4500000, 0x00000000c4600000| Untracked 
|  30|0x00000000c4600000, 0x00000000c4700000, 0x00000000c4700000|100%| O|  |TAMS 0x00000000c4600000, 0x00000000c4700000| Untracked 
|  31|0x00000000c4700000, 0x00000000c4700000, 0x00000000c4800000|  0%| F|  |TAMS 0x00000000c4700000, 0x00000000c4700000| Untracked 
|  32|0x00000000c4800000, 0x00000000c4800000, 0x00000000c4900000|  0%| F|  |TAMS 0x00000000c4800000, 0x00000000c4800000| Untracked 
|  33|0x00000000c4900000, 0x00000000c4900000, 0x00000000c4a00000|  0%| F|  |TAMS 0x00000000c4900000, 0x00000000c4900000| Untracked 
|  34|0x00000000c4a00000, 0x00000000c4a00000, 0x00000000c4b00000|  0%| F|  |TAMS 0x00000000c4a00000, 0x00000000c4a00000| Untracked 
|  35|0x00000000c4b00000, 0x00000000c4b00000, 0x00000000c4c00000|  0%| F|  |TAMS 0x00000000c4b00000, 0x00000000c4b00000| Untracked 
|  36|0x00000000c4c00000, 0x00000000c4c00000, 0x00000000c4d00000|  0%| F|  |TAMS 0x00000000c4c00000, 0x00000000c4c00000| Untracked 
|  37|0x00000000c4d00000, 0x00000000c4d00000, 0x00000000c4e00000|  0%| F|  |TAMS 0x00000000c4d00000, 0x00000000c4d00000| Untracked 
|  38|0x00000000c4e00000, 0x00000000c4e00000, 0x00000000c4f00000|  0%| F|  |TAMS 0x00000000c4e00000, 0x00000000c4e00000| Untracked 
|  39|0x00000000c4f00000, 0x00000000c4f00000, 0x00000000c5000000|  0%| F|  |TAMS 0x00000000c4f00000, 0x00000000c4f00000| Untracked 
|  40|0x00000000c5000000, 0x00000000c5000000, 0x00000000c5100000|  0%| F|  |TAMS 0x00000000c5000000, 0x00000000c5000000| Untracked 
|  41|0x00000000c5100000, 0x00000000c5190e10, 0x00000000c5200000| 56%| S|CS|TAMS 0x00000000c5100000, 0x00000000c5100000| Complete 
|  42|0x00000000c5200000, 0x00000000c5300000, 0x00000000c5300000|100%| S|CS|TAMS 0x00000000c5200000, 0x00000000c5200000| Complete 
|  43|0x00000000c5300000, 0x00000000c5300000, 0x00000000c5400000|  0%| F|  |TAMS 0x00000000c5300000, 0x00000000c5300000| Untracked 
|  44|0x00000000c5400000, 0x00000000c5400000, 0x00000000c5500000|  0%| F|  |TAMS 0x00000000c5400000, 0x00000000c5400000| Untracked 
|  45|0x00000000c5500000, 0x00000000c5500000, 0x00000000c5600000|  0%| F|  |TAMS 0x00000000c5500000, 0x00000000c5500000| Untracked 
|  46|0x00000000c5600000, 0x00000000c5600000, 0x00000000c5700000|  0%| F|  |TAMS 0x00000000c5600000, 0x00000000c5600000| Untracked 
|  47|0x00000000c5700000, 0x00000000c5700000, 0x00000000c5800000|  0%| F|  |TAMS 0x00000000c5700000, 0x00000000c5700000| Untracked 
|  48|0x00000000c5800000, 0x00000000c5800000, 0x00000000c5900000|  0%| F|  |TAMS 0x00000000c5800000, 0x00000000c5800000| Untracked 
|  49|0x00000000c5900000, 0x00000000c5900000, 0x00000000c5a00000|  0%| F|  |TAMS 0x00000000c5900000, 0x00000000c5900000| Untracked 
|  50|0x00000000c5a00000, 0x00000000c5a00000, 0x00000000c5b00000|  0%| F|  |TAMS 0x00000000c5a00000, 0x00000000c5a00000| Untracked 
|  51|0x00000000c5b00000, 0x00000000c5b00000, 0x00000000c5c00000|  0%| F|  |TAMS 0x00000000c5b00000, 0x00000000c5b00000| Untracked 
|  52|0x00000000c5c00000, 0x00000000c5c00000, 0x00000000c5d00000|  0%| F|  |TAMS 0x00000000c5c00000, 0x00000000c5c00000| Untracked 
|  53|0x00000000c5d00000, 0x00000000c5d00000, 0x00000000c5e00000|  0%| F|  |TAMS 0x00000000c5d00000, 0x00000000c5d00000| Untracked 
|  54|0x00000000c5e00000, 0x00000000c5e00000, 0x00000000c5f00000|  0%| F|  |TAMS 0x00000000c5e00000, 0x00000000c5e00000| Untracked 
|  55|0x00000000c5f00000, 0x00000000c5f00000, 0x00000000c6000000|  0%| F|  |TAMS 0x00000000c5f00000, 0x00000000c5f00000| Untracked 
|  56|0x00000000c6000000, 0x00000000c6000000, 0x00000000c6100000|  0%| F|  |TAMS 0x00000000c6000000, 0x00000000c6000000| Untracked 
|  57|0x00000000c6100000, 0x00000000c6100000, 0x00000000c6200000|  0%| F|  |TAMS 0x00000000c6100000, 0x00000000c6100000| Untracked 
|  58|0x00000000c6200000, 0x00000000c6200000, 0x00000000c6300000|  0%| F|  |TAMS 0x00000000c6200000, 0x00000000c6200000| Untracked 
|  59|0x00000000c6300000, 0x00000000c6300000, 0x00000000c6400000|  0%| F|  |TAMS 0x00000000c6300000, 0x00000000c6300000| Untracked 
|  60|0x00000000c6400000, 0x00000000c6400000, 0x00000000c6500000|  0%| F|  |TAMS 0x00000000c6400000, 0x00000000c6400000| Untracked 
|  61|0x00000000c6500000, 0x00000000c6500000, 0x00000000c6600000|  0%| F|  |TAMS 0x00000000c6500000, 0x00000000c6500000| Untracked 
|  62|0x00000000c6600000, 0x00000000c6600000, 0x00000000c6700000|  0%| F|  |TAMS 0x00000000c6600000, 0x00000000c6600000| Untracked 
|  63|0x00000000c6700000, 0x00000000c6700000, 0x00000000c6800000|  0%| F|  |TAMS 0x00000000c6700000, 0x00000000c6700000| Untracked 
|  64|0x00000000c6800000, 0x00000000c6800000, 0x00000000c6900000|  0%| F|  |TAMS 0x00000000c6800000, 0x00000000c6800000| Untracked 
|  65|0x00000000c6900000, 0x00000000c6900000, 0x00000000c6a00000|  0%| F|  |TAMS 0x00000000c6900000, 0x00000000c6900000| Untracked 
|  66|0x00000000c6a00000, 0x00000000c6a00000, 0x00000000c6b00000|  0%| F|  |TAMS 0x00000000c6a00000, 0x00000000c6a00000| Untracked 
|  67|0x00000000c6b00000, 0x00000000c6b00000, 0x00000000c6c00000|  0%| F|  |TAMS 0x00000000c6b00000, 0x00000000c6b00000| Untracked 
|  68|0x00000000c6c00000, 0x00000000c6c00000, 0x00000000c6d00000|  0%| F|  |TAMS 0x00000000c6c00000, 0x00000000c6c00000| Untracked 
|  69|0x00000000c6d00000, 0x00000000c6d00000, 0x00000000c6e00000|  0%| F|  |TAMS 0x00000000c6d00000, 0x00000000c6d00000| Untracked 
|  70|0x00000000c6e00000, 0x00000000c6e00000, 0x00000000c6f00000|  0%| F|  |TAMS 0x00000000c6e00000, 0x00000000c6e00000| Untracked 
|  71|0x00000000c6f00000, 0x00000000c6f00000, 0x00000000c7000000|  0%| F|  |TAMS 0x00000000c6f00000, 0x00000000c6f00000| Untracked 
|  72|0x00000000c7000000, 0x00000000c7000000, 0x00000000c7100000|  0%| F|  |TAMS 0x00000000c7000000, 0x00000000c7000000| Untracked 
|  73|0x00000000c7100000, 0x00000000c7100000, 0x00000000c7200000|  0%| F|  |TAMS 0x00000000c7100000, 0x00000000c7100000| Untracked 
|  74|0x00000000c7200000, 0x00000000c7200000, 0x00000000c7300000|  0%| F|  |TAMS 0x00000000c7200000, 0x00000000c7200000| Untracked 
|  75|0x00000000c7300000, 0x00000000c7300000, 0x00000000c7400000|  0%| F|  |TAMS 0x00000000c7300000, 0x00000000c7300000| Untracked 
|  76|0x00000000c7400000, 0x00000000c7400000, 0x00000000c7500000|  0%| F|  |TAMS 0x00000000c7400000, 0x00000000c7400000| Untracked 
|  77|0x00000000c7500000, 0x00000000c7500000, 0x00000000c7600000|  0%| F|  |TAMS 0x00000000c7500000, 0x00000000c7500000| Untracked 
|  78|0x00000000c7600000, 0x00000000c7600000, 0x00000000c7700000|  0%| F|  |TAMS 0x00000000c7600000, 0x00000000c7600000| Untracked 
|  79|0x00000000c7700000, 0x00000000c7700000, 0x00000000c7800000|  0%| F|  |TAMS 0x00000000c7700000, 0x00000000c7700000| Untracked 
|  80|0x00000000c7800000, 0x00000000c7800000, 0x00000000c7900000|  0%| F|  |TAMS 0x00000000c7800000, 0x00000000c7800000| Untracked 
|  81|0x00000000c7900000, 0x00000000c7900000, 0x00000000c7a00000|  0%| F|  |TAMS 0x00000000c7900000, 0x00000000c7900000| Untracked 
|  82|0x00000000c7a00000, 0x00000000c7a00000, 0x00000000c7b00000|  0%| F|  |TAMS 0x00000000c7a00000, 0x00000000c7a00000| Untracked 
| 980|0x00000000ffc00000, 0x00000000ffd00000, 0x00000000ffd00000|100%| O|  |TAMS 0x00000000ffc00000, 0x00000000ffd00000| Untracked 
| 981|0x00000000ffd00000, 0x00000000ffe00000, 0x00000000ffe00000|100%| O|  |TAMS 0x00000000ffd00000, 0x00000000ffe00000| Untracked 
| 982|0x00000000ffe00000, 0x00000000fff00000, 0x00000000fff00000|100%| O|  |TAMS 0x00000000ffe00000, 0x00000000fff00000| Untracked 
| 983|0x00000000fff00000, 0x0000000100000000, 0x0000000100000000|100%| O|  |TAMS 0x00000000fff00000, 0x0000000100000000| Untracked 

Card table byte_map: [0x000001e0b62a0000,0x000001e0b6490000] _byte_map_base: 0x000001e0b5c8c000

Marking Bits (Prev, Next): (CMBitMap*) 0x000001e09f86a730, (CMBitMap*) 0x000001e09f86a6f0
 Prev Bits: [0x000001e0b75e0000, 0x000001e0b8540000)
 Next Bits: [0x000001e0b6680000, 0x000001e0b75e0000)

Polling page: 0x000001e09f010000

Metaspace:

Usage:
  Non-class:     23.46 MB used.
      Class:      3.00 MB used.
       Both:     26.46 MB used.

Virtual space:
  Non-class space:       32.00 MB reserved,      23.69 MB ( 74%) committed,  4 nodes.
      Class space:        1.00 GB reserved,       3.12 MB ( <1%) committed,  1 nodes.
             Both:        1.03 GB reserved,      26.81 MB (  3%) committed. 

Chunk freelists:
   Non-Class:  3.87 MB
       Class:  838.00 KB
        Both:  4.69 MB

MaxMetaspaceSize: unlimited
CompressedClassSpaceSize: 1.00 GB
Initial GC threshold: 21.00 MB
Current GC threshold: 35.25 MB
CDS: on
MetaspaceReclaimPolicy: balanced
 - commit_granule_bytes: 65536.
 - commit_granule_words: 8192.
 - virtual_space_node_default_size: 1048576.
 - enlarge_chunks_in_place: 1.
 - new_chunks_are_fully_committed: 0.
 - uncommit_free_chunks: 1.
 - use_allocation_guard: 0.
 - handle_deallocations: 1.


Internal statistics:

num_allocs_failed_limit: 3.
num_arena_births: 218.
num_arena_deaths: 0.
num_vsnodes_births: 5.
num_vsnodes_deaths: 0.
num_space_committed: 429.
num_space_uncommitted: 0.
num_chunks_returned_to_freelist: 3.
num_chunks_taken_from_freelist: 1235.
num_chunk_merges: 3.
num_chunk_splits: 848.
num_chunks_enlarged: 632.
num_purges: 0.
num_inconsistent_stats: 0.

CodeHeap 'non-profiled nmethods': size=120000Kb used=2848Kb max_used=2848Kb free=117151Kb
 bounds [0x000001e0aeb80000, 0x000001e0aee50000, 0x000001e0b60b0000]
CodeHeap 'profiled nmethods': size=120000Kb used=12776Kb max_used=12776Kb free=107223Kb
 bounds [0x000001e0a7650000, 0x000001e0a82d0000, 0x000001e0aeb80000]
CodeHeap 'non-nmethods': size=5760Kb used=1213Kb max_used=1249Kb free=4546Kb
 bounds [0x000001e0a70b0000, 0x000001e0a7320000, 0x000001e0a7650000]
 total_blobs=6408 nmethods=5894 adapters=426
 compilation: enabled
              stopped_count=0, restarted_count=0
 full_count=0

Compilation events (20 events):
Event: 11.472 Thread 0x000001e0ba991fa0 nmethod 5907 0x000001e0aee47310 code [0x000001e0aee474a0, 0x000001e0aee47578]
Event: 11.472 Thread 0x000001e0ba991fa0 5911       3       java.lang.String::valueOf (39 bytes)
Event: 11.473 Thread 0x000001e0ba991fa0 nmethod 5911 0x000001e0a82c2b90 code [0x000001e0a82c2d80, 0x000001e0a82c3498]
Event: 11.473 Thread 0x000001e0ba991fa0 5912       3       java.lang.StringLatin1::toBytes (9 bytes)
Event: 11.473 Thread 0x000001e0ba991fa0 nmethod 5912 0x000001e0a82c3690 code [0x000001e0a82c3820, 0x000001e0a82c39b8]
Event: 11.473 Thread 0x000001e0ba991fa0 5908       1       jdk.internal.reflect.NativeMethodAccessorImpl::setParent (6 bytes)
Event: 11.473 Thread 0x000001e0ba991fa0 nmethod 5908 0x000001e0aee47610 code [0x000001e0aee477a0, 0x000001e0aee478b8]
Event: 11.473 Thread 0x000001e0ba991fa0 5913       3       org.eclipse.sisu.plexus.Roles::camelizeName (126 bytes)
Event: 11.476 Thread 0x000001e0ba991fa0 nmethod 5913 0x000001e0a82c3a90 code [0x000001e0a82c3e00, 0x000001e0a82c5458]
Event: 11.476 Thread 0x000001e0ba991fa0 5914       3       java.lang.Thread::getContextClassLoader (32 bytes)
Event: 11.477 Thread 0x000001e0ba991fa0 nmethod 5914 0x000001e0a82c5d10 code [0x000001e0a82c5f40, 0x000001e0a82c68d8]
Event: 11.500 Thread 0x000001e0ba991fa0 5915       3       java.util.Locale::equals (75 bytes)
Event: 11.501 Thread 0x000001e0ba991fa0 nmethod 5915 0x000001e0a82c6b90 code [0x000001e0a82c6da0, 0x000001e0a82c7518]
Event: 11.501 Thread 0x000001e0ba991fa0 5916       3       java.util.regex.Matcher::end (22 bytes)
Event: 11.501 Thread 0x000001e0ba991fa0 nmethod 5916 0x000001e0a82c7690 code [0x000001e0a82c7840, 0x000001e0a82c7a68]
Event: 11.504 Thread 0x000001e0ba991fa0 5917       3       java.io.RandomAccessFile::<init> (8 bytes)
Event: 11.505 Thread 0x000001e0ba991fa0 nmethod 5917 0x000001e0a82c7b90 code [0x000001e0a82c7d20, 0x000001e0a82c7e68]
Event: 11.505 Thread 0x000001e0ba991fa0 5918       3       java.io.RandomAccessFile::<init> (262 bytes)
Event: 11.508 Thread 0x000001e0ba991fa0 nmethod 5918 0x000001e0a82c7f10 code [0x000001e0a82c82c0, 0x000001e0a82c98c8]
Event: 11.508 Thread 0x000001e0ba991fa0 5921   !   3       sun.nio.fs.WindowsPath::initOffsets (153 bytes)

GC Heap History (20 events):
Event: 3.443 GC heap after
{Heap after GC invocations=4 (full 0):
 garbage-first heap   total 63488K, used 9102K [0x00000000c2800000, 0x0000000100000000)
  region size 1024K, 5 young (5120K), 5 survivors (5120K)
 Metaspace       used 12713K, committed 12800K, reserved 1064960K
  class space    used 1485K, committed 1536K, reserved 1048576K
}
Event: 4.086 GC heap before
{Heap before GC invocations=4 (full 0):
 garbage-first heap   total 63488K, used 41870K [0x00000000c2800000, 0x0000000100000000)
  region size 1024K, 37 young (37888K), 5 survivors (5120K)
 Metaspace       used 13113K, committed 13312K, reserved 1064960K
  class space    used 1502K, committed 1600K, reserved 1048576K
}
Event: 4.111 GC heap after
{Heap after GC invocations=5 (full 0):
 garbage-first heap   total 63488K, used 12040K [0x00000000c2800000, 0x0000000100000000)
  region size 1024K, 3 young (3072K), 3 survivors (3072K)
 Metaspace       used 13113K, committed 13312K, reserved 1064960K
  class space    used 1502K, committed 1600K, reserved 1048576K
}
Event: 6.284 GC heap before
{Heap before GC invocations=5 (full 0):
 garbage-first heap   total 63488K, used 44808K [0x00000000c2800000, 0x0000000100000000)
  region size 1024K, 35 young (35840K), 3 survivors (3072K)
 Metaspace       used 14127K, committed 14400K, reserved 1064960K
  class space    used 1590K, committed 1728K, reserved 1048576K
}
Event: 6.295 GC heap after
{Heap after GC invocations=6 (full 0):
 garbage-first heap   total 63488K, used 14004K [0x00000000c2800000, 0x0000000100000000)
  region size 1024K, 3 young (3072K), 3 survivors (3072K)
 Metaspace       used 14127K, committed 14400K, reserved 1064960K
  class space    used 1590K, committed 1728K, reserved 1048576K
}
Event: 6.361 GC heap before
{Heap before GC invocations=6 (full 0):
 garbage-first heap   total 63488K, used 23220K [0x00000000c2800000, 0x0000000100000000)
  region size 1024K, 5 young (5120K), 3 survivors (3072K)
 Metaspace       used 14566K, committed 14784K, reserved 1064960K
  class space    used 1621K, committed 1728K, reserved 1048576K
}
Event: 6.367 GC heap after
{Heap after GC invocations=7 (full 0):
 garbage-first heap   total 63488K, used 22112K [0x00000000c2800000, 0x0000000100000000)
  region size 1024K, 3 young (3072K), 3 survivors (3072K)
 Metaspace       used 14566K, committed 14784K, reserved 1064960K
  class space    used 1621K, committed 1728K, reserved 1048576K
}
Event: 6.368 GC heap before
{Heap before GC invocations=7 (full 0):
 garbage-first heap   total 63488K, used 34400K [0x00000000c2800000, 0x0000000100000000)
  region size 1024K, 4 young (4096K), 3 survivors (3072K)
 Metaspace       used 14566K, committed 14784K, reserved 1064960K
  class space    used 1621K, committed 1728K, reserved 1048576K
}
Event: 6.372 GC heap after
{Heap after GC invocations=8 (full 0):
 garbage-first heap   total 84992K, used 34184K [0x00000000c2800000, 0x0000000100000000)
  region size 1024K, 2 young (2048K), 2 survivors (2048K)
 Metaspace       used 14566K, committed 14784K, reserved 1064960K
  class space    used 1621K, committed 1728K, reserved 1048576K
}
Event: 7.498 GC heap before
{Heap before GC invocations=8 (full 0):
 garbage-first heap   total 84992K, used 57736K [0x00000000c2800000, 0x0000000100000000)
  region size 1024K, 14 young (14336K), 2 survivors (2048K)
 Metaspace       used 16813K, committed 17088K, reserved 1064960K
  class space    used 1873K, committed 1984K, reserved 1048576K
}
Event: 7.505 GC heap after
{Heap after GC invocations=9 (full 0):
 garbage-first heap   total 84992K, used 14462K [0x00000000c2800000, 0x0000000100000000)
  region size 1024K, 3 young (3072K), 3 survivors (3072K)
 Metaspace       used 16813K, committed 17088K, reserved 1064960K
  class space    used 1873K, committed 1984K, reserved 1048576K
}
Event: 8.079 GC heap before
{Heap before GC invocations=9 (full 0):
 garbage-first heap   total 84992K, used 21630K [0x00000000c2800000, 0x0000000100000000)
  region size 1024K, 10 young (10240K), 3 survivors (3072K)
 Metaspace       used 21255K, committed 21504K, reserved 1073152K
  class space    used 2432K, committed 2560K, reserved 1048576K
}
Event: 8.085 GC heap after
{Heap after GC invocations=10 (full 0):
 garbage-first heap   total 84992K, used 15728K [0x00000000c2800000, 0x0000000100000000)
  region size 1024K, 4 young (4096K), 4 survivors (4096K)
 Metaspace       used 21255K, committed 21504K, reserved 1073152K
  class space    used 2432K, committed 2560K, reserved 1048576K
}
Event: 9.488 GC heap before
{Heap before GC invocations=11 (full 0):
 garbage-first heap   total 65536K, used 51568K [0x00000000c2800000, 0x0000000100000000)
  region size 1024K, 38 young (38912K), 4 survivors (4096K)
 Metaspace       used 23046K, committed 23360K, reserved 1073152K
  class space    used 2614K, committed 2752K, reserved 1048576K
}
Event: 9.507 GC heap after
{Heap after GC invocations=12 (full 0):
 garbage-first heap   total 69632K, used 29366K [0x00000000c2800000, 0x0000000100000000)
  region size 1024K, 5 young (5120K), 5 survivors (5120K)
 Metaspace       used 23046K, committed 23360K, reserved 1073152K
  class space    used 2614K, committed 2752K, reserved 1048576K
}
Event: 10.199 GC heap before
{Heap before GC invocations=12 (full 0):
 garbage-first heap   total 69632K, used 51894K [0x00000000c2800000, 0x0000000100000000)
  region size 1024K, 27 young (27648K), 5 survivors (5120K)
 Metaspace       used 24355K, committed 24640K, reserved 1073152K
  class space    used 2753K, committed 2880K, reserved 1048576K
}
Event: 10.210 GC heap after
{Heap after GC invocations=13 (full 0):
 garbage-first heap   total 69632K, used 32752K [0x00000000c2800000, 0x0000000100000000)
  region size 1024K, 3 young (3072K), 3 survivors (3072K)
 Metaspace       used 24355K, committed 24640K, reserved 1073152K
  class space    used 2753K, committed 2880K, reserved 1048576K
}
Event: 10.796 GC heap before
{Heap before GC invocations=13 (full 0):
 garbage-first heap   total 69632K, used 51184K [0x00000000c2800000, 0x0000000100000000)
  region size 1024K, 22 young (22528K), 3 survivors (3072K)
 Metaspace       used 25587K, committed 25856K, reserved 1073152K
  class space    used 2899K, committed 3008K, reserved 1048576K
}
Event: 10.805 GC heap after
{Heap after GC invocations=14 (full 0):
 garbage-first heap   total 69632K, used 33885K [0x00000000c2800000, 0x0000000100000000)
  region size 1024K, 1 young (1024K), 1 survivors (1024K)
 Metaspace       used 25587K, committed 25856K, reserved 1073152K
  class space    used 2899K, committed 3008K, reserved 1048576K
}
Event: 11.510 GC heap before
{Heap before GC invocations=14 (full 0):
 garbage-first heap   total 69632K, used 54365K [0x00000000c2800000, 0x0000000100000000)
  region size 1024K, 21 young (21504K), 1 survivors (1024K)
 Metaspace       used 27096K, committed 27456K, reserved 1081344K
  class space    used 3076K, committed 3200K, reserved 1048576K
}

Deoptimization events (20 events):
Event: 11.162 Thread 0x000001e09f82e4f0 Uncommon trap: trap_request=0xffffffc6 fr.pc=0x000001e0aec3779c relative=0x00000000000006bc
Event: 11.162 Thread 0x000001e09f82e4f0 Uncommon trap: reason=bimorphic_or_optimized_type_check action=maybe_recompile pc=0x000001e0aec3779c method=java.util.HashMap.putVal(ILjava/lang/Object;Ljava/lang/Object;ZZ)Ljava/lang/Object; @ 253 c2
Event: 11.162 Thread 0x000001e09f82e4f0 DEOPT PACKING pc=0x000001e0aec3779c sp=0x000000dce82fcc30
Event: 11.162 Thread 0x000001e09f82e4f0 DEOPT UNPACKING pc=0x000001e0a71023a3 sp=0x000000dce82fcbb0 mode 2
Event: 11.163 Thread 0x000001e09f82e4f0 Uncommon trap: trap_request=0xffffffc6 fr.pc=0x000001e0aec3779c relative=0x00000000000006bc
Event: 11.163 Thread 0x000001e09f82e4f0 Uncommon trap: reason=bimorphic_or_optimized_type_check action=maybe_recompile pc=0x000001e0aec3779c method=java.util.HashMap.putVal(ILjava/lang/Object;Ljava/lang/Object;ZZ)Ljava/lang/Object; @ 253 c2
Event: 11.163 Thread 0x000001e09f82e4f0 DEOPT PACKING pc=0x000001e0aec3779c sp=0x000000dce82fcc10
Event: 11.163 Thread 0x000001e09f82e4f0 DEOPT UNPACKING pc=0x000001e0a71023a3 sp=0x000000dce82fcb90 mode 2
Event: 11.172 Thread 0x000001e09f82e4f0 Uncommon trap: trap_request=0xffffffc6 fr.pc=0x000001e0aec3779c relative=0x00000000000006bc
Event: 11.172 Thread 0x000001e09f82e4f0 Uncommon trap: reason=bimorphic_or_optimized_type_check action=maybe_recompile pc=0x000001e0aec3779c method=java.util.HashMap.putVal(ILjava/lang/Object;Ljava/lang/Object;ZZ)Ljava/lang/Object; @ 253 c2
Event: 11.172 Thread 0x000001e09f82e4f0 DEOPT PACKING pc=0x000001e0aec3779c sp=0x000000dce82fcc10
Event: 11.172 Thread 0x000001e09f82e4f0 DEOPT UNPACKING pc=0x000001e0a71023a3 sp=0x000000dce82fcb90 mode 2
Event: 11.173 Thread 0x000001e09f82e4f0 Uncommon trap: trap_request=0xffffffc6 fr.pc=0x000001e0aec3779c relative=0x00000000000006bc
Event: 11.173 Thread 0x000001e09f82e4f0 Uncommon trap: reason=bimorphic_or_optimized_type_check action=maybe_recompile pc=0x000001e0aec3779c method=java.util.HashMap.putVal(ILjava/lang/Object;Ljava/lang/Object;ZZ)Ljava/lang/Object; @ 253 c2
Event: 11.173 Thread 0x000001e09f82e4f0 DEOPT PACKING pc=0x000001e0aec3779c sp=0x000000dce82fcc10
Event: 11.173 Thread 0x000001e09f82e4f0 DEOPT UNPACKING pc=0x000001e0a71023a3 sp=0x000000dce82fcb90 mode 2
Event: 11.457 Thread 0x000001e09f82e4f0 Uncommon trap: trap_request=0xffffffde fr.pc=0x000001e0aed23b78 relative=0x00000000000002b8
Event: 11.457 Thread 0x000001e09f82e4f0 Uncommon trap: reason=class_check action=maybe_recompile pc=0x000001e0aed23b78 method=org.eclipse.sisu.wire.EntryListAdapter$ValueIterator.next()Ljava/lang/Object; @ 4 c2
Event: 11.457 Thread 0x000001e09f82e4f0 DEOPT PACKING pc=0x000001e0aed23b78 sp=0x000000dce82fd3e0
Event: 11.457 Thread 0x000001e09f82e4f0 DEOPT UNPACKING pc=0x000001e0a71023a3 sp=0x000000dce82fd3b0 mode 2

Classes unloaded (0 events):
No events

Classes redefined (0 events):
No events

Internal exceptions (20 events):
Event: 11.128 Thread 0x000001e09f82e4f0 Exception <a 'sun/nio/fs/WindowsException'{0x00000000c5a71558}> (0x00000000c5a71558) 
thrown [s\open\src\hotspot\share\prims\jni.cpp, line 516]
Event: 11.128 Thread 0x000001e09f82e4f0 Exception <a 'sun/nio/fs/WindowsException'{0x00000000c5a729e8}> (0x00000000c5a729e8) 
thrown [s\open\src\hotspot\share\prims\jni.cpp, line 516]
Event: 11.128 Thread 0x000001e09f82e4f0 Exception <a 'sun/nio/fs/WindowsException'{0x00000000c5a72d58}> (0x00000000c5a72d58) 
thrown [s\open\src\hotspot\share\prims\jni.cpp, line 516]
Event: 11.180 Thread 0x000001e09f82e4f0 Exception <a 'sun/nio/fs/WindowsException'{0x00000000c5a9a490}> (0x00000000c5a9a490) 
thrown [s\open\src\hotspot\share\prims\jni.cpp, line 516]
Event: 11.183 Thread 0x000001e09f82e4f0 Exception <a 'sun/nio/fs/WindowsException'{0x00000000c5aaf700}> (0x00000000c5aaf700) 
thrown [s\open\src\hotspot\share\prims\jni.cpp, line 516]
Event: 11.187 Thread 0x000001e09f82e4f0 Exception <a 'sun/nio/fs/WindowsException'{0x00000000c5ac66b0}> (0x00000000c5ac66b0) 
thrown [s\open\src\hotspot\share\prims\jni.cpp, line 516]
Event: 11.217 Thread 0x000001e09f82e4f0 Exception <a 'java/lang/NoSuchMethodError'{0x00000000c59c44f0}: 'int java.lang.invoke.DirectMethodHandle$Holder.invokeVirtual(java.lang.Object, java.lang.Object, java.lang.Object, java.lang.Object)'> (0x00000000c59c44f0) 
thrown [s\open\src\hotspot\share\interpreter\linkResolver.cpp, line 759]
Event: 11.219 Thread 0x000001e09f82e4f0 Exception <a 'java/lang/NoSuchMethodError'{0x00000000c59cfa30}: 'java.lang.Object java.lang.invoke.DirectMethodHandle$Holder.newInvokeSpecial(java.lang.Object, java.lang.Object, int, java.lang.Object)'> (0x00000000c59cfa30) 
thrown [s\open\src\hotspot\share\interpreter\linkResolver.cpp, line 759]
Event: 11.219 Thread 0x000001e09f82e4f0 Exception <a 'java/lang/NoSuchMethodError'{0x00000000c59d4360}: 'java.lang.Object java.lang.invoke.DirectMethodHandle$Holder.invokeSpecial(java.lang.Object, java.lang.Object, java.lang.Object, int, java.lang.Object)'> (0x00000000c59d4360) 
thrown [s\open\src\hotspot\share\interpreter\linkResolver.cpp, line 759]
Event: 11.233 Thread 0x000001e09f82e4f0 Exception <a 'sun/nio/fs/WindowsException'{0x00000000c5800a00}> (0x00000000c5800a00) 
thrown [s\open\src\hotspot\share\prims\jni.cpp, line 516]
Event: 11.233 Thread 0x000001e09f82e4f0 Exception <a 'sun/nio/fs/WindowsException'{0x00000000c5800d00}> (0x00000000c5800d00) 
thrown [s\open\src\hotspot\share\prims\jni.cpp, line 516]
Event: 11.234 Thread 0x000001e09f82e4f0 Exception <a 'sun/nio/fs/WindowsException'{0x00000000c580cee8}> (0x00000000c580cee8) 
thrown [s\open\src\hotspot\share\prims\jni.cpp, line 516]
Event: 11.234 Thread 0x000001e09f82e4f0 Exception <a 'sun/nio/fs/WindowsException'{0x00000000c580d1a0}> (0x00000000c580d1a0) 
thrown [s\open\src\hotspot\share\prims\jni.cpp, line 516]
Event: 11.235 Thread 0x000001e09f82e4f0 Exception <a 'sun/nio/fs/WindowsException'{0x00000000c5825898}> (0x00000000c5825898) 
thrown [s\open\src\hotspot\share\prims\jni.cpp, line 516]
Event: 11.235 Thread 0x000001e09f82e4f0 Exception <a 'sun/nio/fs/WindowsException'{0x00000000c5825b98}> (0x00000000c5825b98) 
thrown [s\open\src\hotspot\share\prims\jni.cpp, line 516]
Event: 11.236 Thread 0x000001e09f82e4f0 Exception <a 'sun/nio/fs/WindowsException'{0x00000000c5827588}> (0x00000000c5827588) 
thrown [s\open\src\hotspot\share\prims\jni.cpp, line 516]
Event: 11.236 Thread 0x000001e09f82e4f0 Exception <a 'sun/nio/fs/WindowsException'{0x00000000c5827910}> (0x00000000c5827910) 
thrown [s\open\src\hotspot\share\prims\jni.cpp, line 516]
Event: 11.298 Thread 0x000001e09f82e4f0 Exception <a 'java/lang/NoSuchMethodError'{0x00000000c58e83e0}: 'int java.lang.invoke.DirectMethodHandle$Holder.invokeStatic(java.lang.Object, java.lang.Object, java.lang.Object, java.lang.Object)'> (0x00000000c58e83e0) 
thrown [s\open\src\hotspot\share\interpreter\linkResolver.cpp, line 759]
Event: 11.306 Thread 0x000001e09f82e4f0 Exception <a 'java/lang/NoSuchMethodError'{0x00000000c570ece8}: 'void java.lang.invoke.DirectMethodHandle$Holder.invokeVirtual(java.lang.Object, java.lang.Object)'> (0x00000000c570ece8) 
thrown [s\open\src\hotspot\share\interpreter\linkResolver.cpp, line 759]
Event: 11.410 Thread 0x000001e09f82e4f0 Exception <a 'java/lang/NoSuchMethodError'{0x00000000c56f3d28}: 'void java.lang.invoke.DirectMethodHandle$Holder.invokeStatic(java.lang.Object, java.lang.Object, java.lang.Object)'> (0x00000000c56f3d28) 
thrown [s\open\src\hotspot\share\interpreter\linkResolver.cpp, line 759]

VM Operations (20 events):
Event: 9.583 Executing VM operation: HandshakeAllThreads done
Event: 9.909 Executing VM operation: ICBufferFull
Event: 9.910 Executing VM operation: ICBufferFull done
Event: 10.199 Executing VM operation: G1CollectForAllocation
Event: 10.210 Executing VM operation: G1CollectForAllocation done
Event: 10.796 Executing VM operation: G1CollectForAllocation
Event: 10.805 Executing VM operation: G1CollectForAllocation done
Event: 11.031 Executing VM operation: ICBufferFull
Event: 11.032 Executing VM operation: ICBufferFull done
Event: 11.120 Executing VM operation: HandshakeAllThreads
Event: 11.120 Executing VM operation: HandshakeAllThreads done
Event: 11.124 Executing VM operation: HandshakeAllThreads
Event: 11.124 Executing VM operation: HandshakeAllThreads done
Event: 11.192 Executing VM operation: HandshakeAllThreads
Event: 11.192 Executing VM operation: HandshakeAllThreads done
Event: 11.206 Executing VM operation: ICBufferFull
Event: 11.207 Executing VM operation: ICBufferFull done
Event: 11.372 Executing VM operation: ICBufferFull
Event: 11.372 Executing VM operation: ICBufferFull done
Event: 11.510 Executing VM operation: G1CollectForAllocation

Events (20 events):
Event: 11.122 loading class java/util/stream/Nodes$ArrayNode done
Event: 11.122 loading class java/util/stream/Nodes$FixedNodeBuilder done
Event: 11.187 loading class java/nio/channels/Channels$1
Event: 11.187 loading class java/nio/channels/Channels$1 done
Event: 11.228 loading class java/util/EnumMap$EntrySet
Event: 11.229 loading class java/util/EnumMap$EntrySet done
Event: 11.229 loading class java/util/EnumMap$EntryIterator
Event: 11.229 loading class java/util/EnumMap$EnumMapIterator
Event: 11.230 loading class java/util/EnumMap$EnumMapIterator done
Event: 11.230 loading class java/util/EnumMap$EntryIterator done
Event: 11.230 loading class java/util/EnumMap$EntryIterator$Entry
Event: 11.230 loading class java/util/EnumMap$EntryIterator$Entry done
Event: 11.248 loading class java/util/function/ToIntBiFunction
Event: 11.266 loading class java/util/function/ToIntBiFunction done
Event: 11.404 loading class java/util/EnumMap$Values
Event: 11.405 loading class java/util/EnumMap$Values done
Event: 11.405 loading class java/util/EnumMap$ValueIterator
Event: 11.405 loading class java/util/EnumMap$ValueIterator done
Event: 11.408 loading class java/util/WeakHashMap$KeyIterator
Event: 11.409 loading class java/util/WeakHashMap$KeyIterator done


Dynamic libraries:
0x00007ff691c50000 - 0x00007ff691c60000 	C:\Program Files\Java\jdk-17.0.4.1\bin\java.exe
0x00007ffe1c990000 - 0x00007ffe1cb87000 	C:\Windows\SYSTEM32\ntdll.dll
0x00007ffe1aba0000 - 0x00007ffe1ac5d000 	C:\Windows\System32\KERNEL32.DLL
0x00007ffe1a190000 - 0x00007ffe1a45d000 	C:\Windows\System32\KERNELBASE.dll
0x00007ffe1a460000 - 0x00007ffe1a560000 	C:\Windows\System32\ucrtbase.dll
0x00007ffe17930000 - 0x00007ffe17948000 	C:\Program Files\Java\jdk-17.0.4.1\bin\jli.dll
0x00007ffe14420000 - 0x00007ffe1443a000 	C:\Program Files\Java\jdk-17.0.4.1\bin\VCRUNTIME140.dll
0x00007ffe1bd90000 - 0x00007ffe1be3e000 	C:\Windows\System32\ADVAPI32.dll
0x00007ffe1bcf0000 - 0x00007ffe1bd8e000 	C:\Windows\System32\msvcrt.dll
0x00007ffe1aa60000 - 0x00007ffe1aafc000 	C:\Windows\System32\sechost.dll
0x00007ffe1b0f0000 - 0x00007ffe1b215000 	C:\Windows\System32\RPCRT4.dll
0x00007ffe1b9b0000 - 0x00007ffe1bb50000 	C:\Windows\System32\USER32.dll
0x00007ffe0b090000 - 0x00007ffe0b32a000 	C:\Windows\WinSxS\amd64_microsoft.windows.common-controls_6595b64144ccf1df_6.0.19041.1110_none_60b5254171f9507e\COMCTL32.dll
0x00007ffe1a6e0000 - 0x00007ffe1a702000 	C:\Windows\System32\win32u.dll
0x00007ffe1b980000 - 0x00007ffe1b9aa000 	C:\Windows\System32\GDI32.dll
0x00007ffe1a710000 - 0x00007ffe1a81b000 	C:\Windows\System32\gdi32full.dll
0x00007ffe1a640000 - 0x00007ffe1a6dd000 	C:\Windows\System32\msvcp_win.dll
0x00007ffe0e500000 - 0x00007ffe0e50a000 	C:\Windows\SYSTEM32\VERSION.dll
0x00007ffe1ab70000 - 0x00007ffe1aba0000 	C:\Windows\System32\IMM32.DLL
0x00007ffe0d000000 - 0x00007ffe0d00c000 	C:\Program Files\Java\jdk-17.0.4.1\bin\vcruntime140_1.dll
0x00007ffdf9550000 - 0x00007ffdf95dd000 	C:\Program Files\Java\jdk-17.0.4.1\bin\msvcp140.dll
0x00007ffdf7a10000 - 0x00007ffdf85d2000 	C:\Program Files\Java\jdk-17.0.4.1\bin\server\jvm.dll
0x00007ffe1a9f0000 - 0x00007ffe1a9f8000 	C:\Windows\System32\PSAPI.DLL
0x00007ffe0dce0000 - 0x00007ffe0dce9000 	C:\Windows\SYSTEM32\WSOCK32.dll
0x00007ffe0dd60000 - 0x00007ffe0dd87000 	C:\Windows\SYSTEM32\WINMM.dll
0x00007ffe1ab00000 - 0x00007ffe1ab6b000 	C:\Windows\System32\WS2_32.dll
0x00007ffe17fb0000 - 0x00007ffe17fc2000 	C:\Windows\SYSTEM32\kernel.appcore.dll
0x00007ffe0ad70000 - 0x00007ffe0ad7a000 	C:\Program Files\Java\jdk-17.0.4.1\bin\jimage.dll
0x00007ffe038d0000 - 0x00007ffe03ab4000 	C:\Windows\SYSTEM32\DBGHELP.DLL
0x00007ffe038a0000 - 0x00007ffe038cc000 	C:\Windows\SYSTEM32\dbgcore.DLL
0x00007ffe1a560000 - 0x00007ffe1a5e2000 	C:\Windows\System32\bcryptPrimitives.dll
0x00007ffe0a8f0000 - 0x00007ffe0a915000 	C:\Program Files\Java\jdk-17.0.4.1\bin\java.dll
0x00007ffdf7930000 - 0x00007ffdf7a06000 	C:\Program Files\Java\jdk-17.0.4.1\bin\jsvml.dll
0x00007ffe1bff0000 - 0x00007ffe1c734000 	C:\Windows\System32\SHELL32.dll
0x00007ffe181b0000 - 0x00007ffe18944000 	C:\Windows\SYSTEM32\windows.storage.dll
0x00007ffe1ad80000 - 0x00007ffe1b0d4000 	C:\Windows\System32\combase.dll
0x00007ffe19b10000 - 0x00007ffe19b3c000 	C:\Windows\SYSTEM32\Wldp.dll
0x00007ffe1acc0000 - 0x00007ffe1ad6d000 	C:\Windows\System32\SHCORE.dll
0x00007ffe1b920000 - 0x00007ffe1b975000 	C:\Windows\System32\shlwapi.dll
0x00007ffe19ff0000 - 0x00007ffe1a00f000 	C:\Windows\SYSTEM32\profapi.dll
0x00007ffe0abe0000 - 0x00007ffe0abf9000 	C:\Program Files\Java\jdk-17.0.4.1\bin\net.dll
0x00007ffe0fc50000 - 0x00007ffe0fd5a000 	C:\Windows\SYSTEM32\WINHTTP.dll
0x00007ffe19800000 - 0x00007ffe1986a000 	C:\Windows\system32\mswsock.dll
0x00007ffe0a9d0000 - 0x00007ffe0a9e6000 	C:\Program Files\Java\jdk-17.0.4.1\bin\nio.dll
0x00007ffe0a7b0000 - 0x00007ffe0a7c8000 	C:\Program Files\Java\jdk-17.0.4.1\bin\zip.dll
0x0000000069ac0000 - 0x0000000069ae4000 	C:\Users\Administrator\AppData\Local\Temp\jansi-2.4.0-96a0333521922717-jansi.dll
0x00007ffe0a7a0000 - 0x00007ffe0a7b0000 	C:\Program Files\Java\jdk-17.0.4.1\bin\verify.dll

dbghelp: loaded successfully - version: 4.0.5 - missing functions: none
symbol engine: initialized successfully - sym options: 0x614 - pdb path: .;C:\Program Files\Java\jdk-17.0.4.1\bin;C:\Windows\SYSTEM32;C:\Windows\WinSxS\amd64_microsoft.windows.common-controls_6595b64144ccf1df_6.0.19041.1110_none_60b5254171f9507e;C:\Program Files\Java\jdk-17.0.4.1\bin\server;C:\Users\Administrator\AppData\Local\Temp

VM Arguments:
jvm_args: -Dmaven.multiModuleProjectDirectory=E:\buku-services\buku-services 
java_command: org.apache.maven.wrapper.MavenWrapperMain -Dmaven.ext.class.path=C:\Program Files\NetBeans-13\netbeans\java\maven-nblib\netbeans-eventspy.jar -Dfile.encoding=UTF-8 install
java_class_path (initial): E:\buku-services\buku-services\.mvn\wrapper\maven-wrapper.jar
Launcher Type: SUN_STANDARD

[Global flags]
     intx CICompilerCount                          = 3                                         {product} {ergonomic}
     uint ConcGCThreads                            = 1                                         {product} {ergonomic}
     uint G1ConcRefinementThreads                  = 4                                         {product} {ergonomic}
   size_t G1HeapRegionSize                         = 1048576                                   {product} {ergonomic}
    uintx GCDrainStackTargetSize                   = 64                                        {product} {ergonomic}
   size_t InitialHeapSize                          = 65011712                                  {product} {ergonomic}
   size_t MarkStackSize                            = 4194304                                   {product} {ergonomic}
   size_t MaxHeapSize                              = 1031798784                                {product} {ergonomic}
   size_t MaxNewSize                               = 618659840                                 {product} {ergonomic}
   size_t MinHeapDeltaBytes                        = 1048576                                   {product} {ergonomic}
   size_t MinHeapSize                              = 8388608                                   {product} {ergonomic}
    uintx NonNMethodCodeHeapSize                   = 5832780                                {pd product} {ergonomic}
    uintx NonProfiledCodeHeapSize                  = 122912730                              {pd product} {ergonomic}
    uintx ProfiledCodeHeapSize                     = 122912730                              {pd product} {ergonomic}
    uintx ReservedCodeCacheSize                    = 251658240                              {pd product} {ergonomic}
     bool SegmentedCodeCache                       = true                                      {product} {ergonomic}
   size_t SoftMaxHeapSize                          = 1031798784                             {manageable} {ergonomic}
     bool UseCompressedClassPointers               = true                           {product lp64_product} {ergonomic}
     bool UseCompressedOops                        = true                           {product lp64_product} {ergonomic}
     bool UseG1GC                                  = true                                      {product} {ergonomic}
     bool UseLargePagesIndividualAllocation        = false                                  {pd product} {ergonomic}

Logging:
Log output configuration:
 #0: stdout all=warning uptime,level,tags
 #1: stderr all=off uptime,level,tags

Environment Variables:
JAVA_HOME=C:\Program Files\Java\jdk-17.0.4.1
PATH=C:\Program Files\Common Files\Oracle\Java\javapath;C:\Program Files (x86)\Intel\iCLS Client\;C:\Program Files\Intel\iCLS Client\;C:\Windows\system32;C:\Windows;C:\Windows\System32\Wbem;C:\Windows\System32\WindowsPowerShell\v1.0\;C:\Windows\System32\OpenSSH\;C:\Program Files\Intel\Intel(R) Management Engine Components\DAL;C:\Program Files\Intel\Intel(R) Management Engine Components\IPT;C:\Program Files (x86)\Intel\Intel(R) Management Engine Components\DAL;C:\Program Files (x86)\Intel\Intel(R) Management Engine Components\IPT;C:\Users\Administrator\AppData\Local\Microsoft\WindowsApps;C:\Users\Administrator\AppData\Local\Programs\Microsoft VS Code\bin;C:\Users\Administrator\AppData\Local\GitHubDesktop\bin
USERNAME=Acer
OS=Windows_NT
PROCESSOR_IDENTIFIER=Intel64 Family 6 Model 42 Stepping 7, GenuineIntel



---------------  S Y S T E M  ---------------

OS:
 Windows 10 , 64 bit Build 19041 (10.0.19041.1741)
OS uptime: 0 days 0:59 hours

CPU: total 4 (initial active 4) (2 cores per cpu, 2 threads per core) family 6 model 42 stepping 7 microcode 0x2f, cx8, cmov, fxsr, ht, mmx, sse, sse2, sse3, ssse3, sse4.1, sse4.2, popcnt, tsc, tscinvbit, avx, clmul, vzeroupper, clflush

Memory: 4k page, system-wide physical 3932M (318M free)
TotalPageFile size 3932M (AvailPageFile size 48M)
current process WorkingSet (physical memory assigned to process): 189M, peak: 190M
current process commit charge ("private bytes"): 234M, peak: 320M

vm_info: Java HotSpot(TM) 64-Bit Server VM (17.0.4.1+1-LTS-2) for windows-amd64 JRE (17.0.4.1+1-LTS-2), built on Aug 16 2022 18:32:06 by "mach5one" with MS VC++ 16.8 / 16.9 (VS2019)

END.
