#
# There is insufficient memory for the Java Runtime Environment to continue.
# Native memory allocation (mmap) failed to map 65011712 bytes for G1 virtual space
# Possible reasons:
#   The system is out of physical RAM or swap space
#   The process is running with CompressedOops enabled, and the Java Heap may be blocking the growth of the native heap
# Possible solutions:
#   Reduce memory load on the system
#   Increase physical memory or swap space
#   Check if swap backing store is full
#   Decrease Java heap size (-Xmx/-Xms)
#   Decrease number of Java threads
#   Decrease Java thread stack sizes (-Xss)
#   Set larger code cache with -XX:ReservedCodeCacheSize=
#   JVM is running with Unscaled Compressed Oops mode in which the Java heap is
#     placed in the first 4GB address space. The Java Heap base address is the
#     maximum limit for the native heap growth. Please use -XX:HeapBaseMinAddress
#     to set the Java Heap base and to place the Java Heap above 4GB virtual address.
# This output file may be truncated or incomplete.
#
#  Out of Memory Error (os_windows.cpp:3535), pid=516, tid=1872
#
# JRE version:  (17.0.4.1+1) (build )
# Java VM: Java HotSpot(TM) 64-Bit Server VM (17.0.4.1+1-LTS-2, mixed mode, sharing, tiered, compressed oops, compressed class ptrs, g1 gc, windows-amd64)
# No core dump will be written. Minidumps are not enabled by default on client versions of Windows
#

---------------  S U M M A R Y ------------

Command Line: -Dmaven.multiModuleProjectDirectory=E:\buku-services\buku-services org.apache.maven.wrapper.MavenWrapperMain -Dexec.vmArgs= -Dexec.args=${exec.vmArgs} -classpath %classpath ${exec.mainClass} ${exec.appArgs} -Dexec.executable=C:\Program Files\Java\jdk-17.0.4.1\bin\java.exe -Dexec.mainClass=com.andimuhriffal.bukuservices.BukuServicesApplication -Dexec.classpathScope=runtime -Dexec.appArgs= -Dmaven.ext.class.path=C:\Program Files\NetBeans-13\netbeans\java\maven-nblib\netbeans-eventspy.jar -Dfile.encoding=UTF-8 org.codehaus.mojo:exec-maven-plugin:3.0.0:exec

Host: Intel(R) Core(TM) i3-2348M CPU @ 2.30GHz, 4 cores, 3G,  Windows 10 , 64 bit Build 19041 (10.0.19041.1741)
Time: Mon Jan  2 21:15:51 2023 Pacific Standard Time elapsed time: 0.202221 seconds (0d 0h 0m 0s)

---------------  T H R E A D  ---------------

Current thread (0x0000020e3d9719c0):  JavaThread "Unknown thread" [_thread_in_vm, id=1872, stack(0x0000009e15800000,0x0000009e15900000)]

Stack: [0x0000009e15800000,0x0000009e15900000]
Native frames: (J=compiled Java code, j=interpreted, Vv=VM code, C=native code)
V  [jvm.dll+0x6723ba]
V  [jvm.dll+0x7d1e34]
V  [jvm.dll+0x7d35de]
V  [jvm.dll+0x7d3c43]
V  [jvm.dll+0x243065]
V  [jvm.dll+0x66f2d9]
V  [jvm.dll+0x663c22]
V  [jvm.dll+0x3011cb]
V  [jvm.dll+0x308766]
V  [jvm.dll+0x35846e]
V  [jvm.dll+0x35869f]
V  [jvm.dll+0x2d83e8]
V  [jvm.dll+0x2d9354]
V  [jvm.dll+0x7a3911]
V  [jvm.dll+0x3662c1]
V  [jvm.dll+0x782d7c]
V  [jvm.dll+0x3e8c1f]
V  [jvm.dll+0x3ea6c1]
C  [jli.dll+0x527b]
C  [ucrtbase.dll+0x21bb2]
C  [KERNEL32.DLL+0x17034]
C  [ntdll.dll+0x52651]


---------------  P R O C E S S  ---------------

Threads class SMR info:
_java_thread_list=0x00007ffdf84aa858, length=0, elements={
}

Java Threads: ( => current thread )

Other Threads:
  0x0000020e3d9b0b70 GCTaskThread "GC Thread#0" [stack: 0x0000009e15900000,0x0000009e15a00000] [id=5408]
  0x0000020e3d9b95b0 ConcurrentGCThread "G1 Main Marker" [stack: 0x0000009e15a00000,0x0000009e15b00000] [id=7424]
  0x0000020e3d9ba770 ConcurrentGCThread "G1 Conc#0" [stack: 0x0000009e15b00000,0x0000009e15c00000] [id=2648]

[error occurred during error reporting (printing all threads), id 0xc0000005, EXCEPTION_ACCESS_VIOLATION (0xc0000005) at pc=0x00007ffdf7cf8dd7]

VM state: not at safepoint (not fully initialized)

VM Mutex/Monitor currently owned by a thread:  ([mutex/lock_event])
[0x0000020e3d96de40] Heap_lock - owner thread: 0x0000020e3d9719c0

Heap address: 0x00000000c2800000, size: 984 MB, Compressed Oops mode: 32-bit

CDS archive(s) mapped at: [0x0000000000000000-0x0000000000000000-0x0000000000000000), size 0, SharedBaseAddress: 0x0000000800000000, ArchiveRelocationMode: 0.
Narrow klass base: 0x0000000000000000, Narrow klass shift: 0, Narrow klass range: 0x0

GC Precious Log:
<Empty>

Heap:
 garbage-first heap   total 0K, used 0K [0x00000000c2800000, 0x0000000100000000)
  region size 1024K, 0 young (0K), 0 survivors (0K)

[error occurred during error reporting (printing heap information), id 0xc0000005, EXCEPTION_ACCESS_VIOLATION (0xc0000005) at pc=0x00007ffdf80db869]

GC Heap History (0 events):
No events

Deoptimization events (0 events):
No events

Classes unloaded (0 events):
No events

Classes redefined (0 events):
No events

Internal exceptions (0 events):
No events

VM Operations (0 events):
No events

Events (1 events):
Event: 0.009 Loaded shared library C:\Program Files\Java\jdk-17.0.4.1\bin\java.dll


Dynamic libraries:
0x00007ff691c50000 - 0x00007ff691c60000 	C:\Program Files\Java\jdk-17.0.4.1\bin\java.exe
0x00007ffe1c990000 - 0x00007ffe1cb87000 	C:\Windows\SYSTEM32\ntdll.dll
0x00007ffe1aba0000 - 0x00007ffe1ac5d000 	C:\Windows\System32\KERNEL32.DLL
0x00007ffe1a190000 - 0x00007ffe1a45d000 	C:\Windows\System32\KERNELBASE.dll
0x00007ffe1a460000 - 0x00007ffe1a560000 	C:\Windows\System32\ucrtbase.dll
0x00007ffe14420000 - 0x00007ffe1443a000 	C:\Program Files\Java\jdk-17.0.4.1\bin\VCRUNTIME140.dll
0x00007ffe17930000 - 0x00007ffe17948000 	C:\Program Files\Java\jdk-17.0.4.1\bin\jli.dll
0x00007ffe1bd90000 - 0x00007ffe1be3e000 	C:\Windows\System32\ADVAPI32.dll
0x00007ffe1bcf0000 - 0x00007ffe1bd8e000 	C:\Windows\System32\msvcrt.dll
0x00007ffe1aa60000 - 0x00007ffe1aafc000 	C:\Windows\System32\sechost.dll
0x00007ffe1b0f0000 - 0x00007ffe1b215000 	C:\Windows\System32\RPCRT4.dll
0x00007ffe1b9b0000 - 0x00007ffe1bb50000 	C:\Windows\System32\USER32.dll
0x00007ffe0b090000 - 0x00007ffe0b32a000 	C:\Windows\WinSxS\amd64_microsoft.windows.common-controls_6595b64144ccf1df_6.0.19041.1110_none_60b5254171f9507e\COMCTL32.dll
0x00007ffe1a6e0000 - 0x00007ffe1a702000 	C:\Windows\System32\win32u.dll
0x00007ffe1b980000 - 0x00007ffe1b9aa000 	C:\Windows\System32\GDI32.dll
0x00007ffe1a710000 - 0x00007ffe1a81b000 	C:\Windows\System32\gdi32full.dll
0x00007ffe1a640000 - 0x00007ffe1a6dd000 	C:\Windows\System32\msvcp_win.dll
0x00007ffe0e500000 - 0x00007ffe0e50a000 	C:\Windows\SYSTEM32\VERSION.dll
0x00007ffe1ab70000 - 0x00007ffe1aba0000 	C:\Windows\System32\IMM32.DLL
0x00007ffe0d000000 - 0x00007ffe0d00c000 	C:\Program Files\Java\jdk-17.0.4.1\bin\vcruntime140_1.dll
0x00007ffdf9550000 - 0x00007ffdf95dd000 	C:\Program Files\Java\jdk-17.0.4.1\bin\msvcp140.dll
0x00007ffdf7a10000 - 0x00007ffdf85d2000 	C:\Program Files\Java\jdk-17.0.4.1\bin\server\jvm.dll
0x00007ffe1a9f0000 - 0x00007ffe1a9f8000 	C:\Windows\System32\PSAPI.DLL
0x00007ffe0dce0000 - 0x00007ffe0dce9000 	C:\Windows\SYSTEM32\WSOCK32.dll
0x00007ffe0dd60000 - 0x00007ffe0dd87000 	C:\Windows\SYSTEM32\WINMM.dll
0x00007ffe1ab00000 - 0x00007ffe1ab6b000 	C:\Windows\System32\WS2_32.dll
0x00007ffe17fb0000 - 0x00007ffe17fc2000 	C:\Windows\SYSTEM32\kernel.appcore.dll
0x00007ffe0ad70000 - 0x00007ffe0ad7a000 	C:\Program Files\Java\jdk-17.0.4.1\bin\jimage.dll
0x00007ffe038d0000 - 0x00007ffe03ab4000 	C:\Windows\SYSTEM32\DBGHELP.DLL
0x00007ffe038a0000 - 0x00007ffe038cc000 	C:\Windows\SYSTEM32\dbgcore.DLL
0x00007ffe1a560000 - 0x00007ffe1a5e2000 	C:\Windows\System32\bcryptPrimitives.dll
0x00007ffe0a8f0000 - 0x00007ffe0a915000 	C:\Program Files\Java\jdk-17.0.4.1\bin\java.dll

dbghelp: loaded successfully - version: 4.0.5 - missing functions: none
symbol engine: initialized successfully - sym options: 0x614 - pdb path: .;C:\Program Files\Java\jdk-17.0.4.1\bin;C:\Windows\SYSTEM32;C:\Windows\WinSxS\amd64_microsoft.windows.common-controls_6595b64144ccf1df_6.0.19041.1110_none_60b5254171f9507e;C:\Program Files\Java\jdk-17.0.4.1\bin\server

VM Arguments:
jvm_args: -Dmaven.multiModuleProjectDirectory=E:\buku-services\buku-services 
java_command: org.apache.maven.wrapper.MavenWrapperMain -Dexec.vmArgs= -Dexec.args=${exec.vmArgs} -classpath %classpath ${exec.mainClass} ${exec.appArgs} -Dexec.executable=C:\Program Files\Java\jdk-17.0.4.1\bin\java.exe -Dexec.mainClass=com.andimuhriffal.bukuservices.BukuServicesApplication -Dexec.classpathScope=runtime -Dexec.appArgs= -Dmaven.ext.class.path=C:\Program Files\NetBeans-13\netbeans\java\maven-nblib\netbeans-eventspy.jar -Dfile.encoding=UTF-8 org.codehaus.mojo:exec-maven-plugin:3.0.0:exec
java_class_path (initial): E:\buku-services\buku-services\.mvn\wrapper\maven-wrapper.jar
Launcher Type: SUN_STANDARD

[Global flags]
     intx CICompilerCount                          = 3                                         {product} {ergonomic}
     uint ConcGCThreads                            = 1                                         {product} {ergonomic}
     uint G1ConcRefinementThreads                  = 4                                         {product} {ergonomic}
   size_t G1HeapRegionSize                         = 1048576                                   {product} {ergonomic}
    uintx GCDrainStackTargetSize                   = 64                                        {product} {ergonomic}
   size_t InitialHeapSize                          = 65011712                                  {product} {ergonomic}
   size_t MarkStackSize                            = 4194304                                   {product} {ergonomic}
   size_t MaxHeapSize                              = 1031798784                                {product} {ergonomic}
   size_t MinHeapDeltaBytes                        = 1048576                                   {product} {ergonomic}
   size_t MinHeapSize                              = 8388608                                   {product} {ergonomic}
    uintx NonNMethodCodeHeapSize                   = 5832780                                {pd product} {ergonomic}
    uintx NonProfiledCodeHeapSize                  = 122912730                              {pd product} {ergonomic}
    uintx ProfiledCodeHeapSize                     = 122912730                              {pd product} {ergonomic}
    uintx ReservedCodeCacheSize                    = 251658240                              {pd product} {ergonomic}
     bool SegmentedCodeCache                       = true                                      {product} {ergonomic}
   size_t SoftMaxHeapSize                          = 1031798784                             {manageable} {ergonomic}
     bool UseCompressedClassPointers               = true                           {product lp64_product} {ergonomic}
     bool UseCompressedOops                        = true                           {product lp64_product} {ergonomic}
     bool UseG1GC                                  = true                                      {product} {ergonomic}
     bool UseLargePagesIndividualAllocation        = false                                  {pd product} {ergonomic}

Logging:
Log output configuration:
 #0: stdout all=warning uptime,level,tags
 #1: stderr all=off uptime,level,tags

Environment Variables:
JAVA_HOME=C:\Program Files\Java\jdk-17.0.4.1
PATH=C:\Program Files\Common Files\Oracle\Java\javapath;C:\Program Files (x86)\Intel\iCLS Client\;C:\Program Files\Intel\iCLS Client\;C:\Windows\system32;C:\Windows;C:\Windows\System32\Wbem;C:\Windows\System32\WindowsPowerShell\v1.0\;C:\Windows\System32\OpenSSH\;C:\Program Files\Intel\Intel(R) Management Engine Components\DAL;C:\Program Files\Intel\Intel(R) Management Engine Components\IPT;C:\Program Files (x86)\Intel\Intel(R) Management Engine Components\DAL;C:\Program Files (x86)\Intel\Intel(R) Management Engine Components\IPT;C:\Users\Administrator\AppData\Local\Microsoft\WindowsApps;C:\Users\Administrator\AppData\Local\Programs\Microsoft VS Code\bin;C:\Users\Administrator\AppData\Local\GitHubDesktop\bin
USERNAME=Acer
OS=Windows_NT
PROCESSOR_IDENTIFIER=Intel64 Family 6 Model 42 Stepping 7, GenuineIntel



---------------  S Y S T E M  ---------------

OS:
 Windows 10 , 64 bit Build 19041 (10.0.19041.1741)
OS uptime: 0 days 0:58 hours

CPU: total 4 (initial active 4) (2 cores per cpu, 2 threads per core) family 6 model 42 stepping 7 microcode 0x2f, cx8, cmov, fxsr, ht, mmx, sse, sse2, sse3, ssse3, sse4.1, sse4.2, popcnt, tsc, tscinvbit, avx, clmul, vzeroupper, clflush

Memory: 4k page, system-wide physical 3932M (285M free)
TotalPageFile size 3932M (AvailPageFile size 32M)
current process WorkingSet (physical memory assigned to process): 10M, peak: 10M
current process commit charge ("private bytes"): 51M, peak: 113M

vm_info: Java HotSpot(TM) 64-Bit Server VM (17.0.4.1+1-LTS-2) for windows-amd64 JRE (17.0.4.1+1-LTS-2), built on Aug 16 2022 18:32:06 by "mach5one" with MS VC++ 16.8 / 16.9 (VS2019)

END.
