#
# There is insufficient memory for the Java Runtime Environment to continue.
# Native memory allocation (malloc) failed to allocate 1257712 bytes for Chunk::new
# Possible reasons:
#   The system is out of physical RAM or swap space
#   The process is running with CompressedOops enabled, and the Java Heap may be blocking the growth of the native heap
# Possible solutions:
#   Reduce memory load on the system
#   Increase physical memory or swap space
#   Check if swap backing store is full
#   Decrease Java heap size (-Xmx/-Xms)
#   Decrease number of Java threads
#   Decrease Java thread stack sizes (-Xss)
#   Set larger code cache with -XX:ReservedCodeCacheSize=
#   JVM is running with Unscaled Compressed Oops mode in which the Java heap is
#     placed in the first 4GB address space. The Java Heap base address is the
#     maximum limit for the native heap growth. Please use -XX:HeapBaseMinAddress
#     to set the Java Heap base and to place the Java Heap above 4GB virtual address.
# This output file may be truncated or incomplete.
#
#  Out of Memory Error (arena.cpp:189), pid=1860, tid=6188
#
# JRE version: Java(TM) SE Runtime Environment (17.0.4.1+1) (build 17.0.4.1+1-LTS-2)
# Java VM: Java HotSpot(TM) 64-Bit Server VM (17.0.4.1+1-LTS-2, mixed mode, sharing, tiered, compressed oops, compressed class ptrs, g1 gc, windows-amd64)
# No core dump will be written. Minidumps are not enabled by default on client versions of Windows
#

---------------  S U M M A R Y ------------

Command Line: com.andimuhammadriffal.Latihan.service.LatihanServiceApplication

Host: Intel(R) Core(TM) i3-2348M CPU @ 2.30GHz, 4 cores, 3G,  Windows 10 , 64 bit Build 19041 (10.0.19041.1741)
Time: Mon Sep 19 22:15:44 2022 Pacific Daylight Time elapsed time: 2.105410 seconds (0d 0h 0m 2s)

---------------  T H R E A D  ---------------

Current thread (0x000002642fcd2350):  JavaThread "C2 CompilerThread0" daemon [_thread_in_native, id=6188, stack(0x0000009bd8600000,0x0000009bd8700000)]


Current CompileTask:
C2:   2105 1587       4       jdk.internal.org.objectweb.asm.Frame::execute (2305 bytes)

Stack: [0x0000009bd8600000,0x0000009bd8700000]
Native frames: (J=compiled Java code, j=interpreted, Vv=VM code, C=native code)
V  [jvm.dll+0x6723ba]
V  [jvm.dll+0x7d1e34]
V  [jvm.dll+0x7d35de]
V  [jvm.dll+0x7d3c43]
V  [jvm.dll+0x243065]
V  [jvm.dll+0xaa57b]
V  [jvm.dll+0xaab0c]
V  [jvm.dll+0x360467]
V  [jvm.dll+0x1ba0c8]
V  [jvm.dll+0x2162f9]
V  [jvm.dll+0x2155c1]
V  [jvm.dll+0x1a1fcd]
V  [jvm.dll+0x224e08]
V  [jvm.dll+0x222f75]
V  [jvm.dll+0x787a0b]
V  [jvm.dll+0x781fca]
V  [jvm.dll+0x671245]
C  [ucrtbase.dll+0x21bb2]
C  [KERNEL32.DLL+0x17034]
C  [ntdll.dll+0x52651]


---------------  P R O C E S S  ---------------

Threads class SMR info:
_java_thread_list=0x0000026431d92950, length=14, elements={
0x0000026412c24ce0, 0x0000026412ce20d0, 0x0000026412ce3cf0, 0x000002642fcca530,
0x000002642fccaee0, 0x000002642fccc030, 0x000002642fcd0680, 0x000002642fcd2350,
0x000002642fcd45a0, 0x000002642fce9f10, 0x0000026430862140, 0x00000264308898e0,
0x0000026430926890, 0x000002643127afa0
}

Java Threads: ( => current thread )
  0x0000026412c24ce0 JavaThread "main" [_thread_in_vm, id=1652, stack(0x0000009bd7900000,0x0000009bd7a00000)]
  0x0000026412ce20d0 JavaThread "Reference Handler" daemon [_thread_blocked, id=1164, stack(0x0000009bd8000000,0x0000009bd8100000)]
  0x0000026412ce3cf0 JavaThread "Finalizer" daemon [_thread_blocked, id=620, stack(0x0000009bd8100000,0x0000009bd8200000)]
  0x000002642fcca530 JavaThread "Signal Dispatcher" daemon [_thread_blocked, id=1784, stack(0x0000009bd8200000,0x0000009bd8300000)]
  0x000002642fccaee0 JavaThread "Attach Listener" daemon [_thread_blocked, id=3880, stack(0x0000009bd8300000,0x0000009bd8400000)]
  0x000002642fccc030 JavaThread "Service Thread" daemon [_thread_blocked, id=6036, stack(0x0000009bd8400000,0x0000009bd8500000)]
  0x000002642fcd0680 JavaThread "Monitor Deflation Thread" daemon [_thread_blocked, id=6404, stack(0x0000009bd8500000,0x0000009bd8600000)]
=>0x000002642fcd2350 JavaThread "C2 CompilerThread0" daemon [_thread_in_native, id=6188, stack(0x0000009bd8600000,0x0000009bd8700000)]
  0x000002642fcd45a0 JavaThread "C1 CompilerThread0" daemon [_thread_blocked, id=1972, stack(0x0000009bd8700000,0x0000009bd8800000)]
  0x000002642fce9f10 JavaThread "Sweeper thread" daemon [_thread_blocked, id=8116, stack(0x0000009bd8800000,0x0000009bd8900000)]
  0x0000026430862140 JavaThread "Notification Thread" daemon [_thread_blocked, id=3136, stack(0x0000009bd8900000,0x0000009bd8a00000)]
  0x00000264308898e0 JavaThread "Common-Cleaner" daemon [_thread_blocked, id=4716, stack(0x0000009bd8b00000,0x0000009bd8c00000)]
  0x0000026430926890 JavaThread "C2 CompilerThread1" daemon [_thread_in_native, id=4088, stack(0x0000009bd8c00000,0x0000009bd8d00000)]
  0x000002643127afa0 JavaThread "Thread-0" [_thread_in_Java, id=7424, stack(0x0000009bd9100000,0x0000009bd9200000)]

Other Threads:
  0x0000026412cdbd20 VMThread "VM Thread" [stack: 0x0000009bd7f00000,0x0000009bd8000000] [id=7856]
  0x0000026430889650 WatcherThread [stack: 0x0000009bd8a00000,0x0000009bd8b00000] [id=2108]
  0x0000026412c604d0 GCTaskThread "GC Thread#0" [stack: 0x0000009bd7a00000,0x0000009bd7b00000] [id=6596]
  0x000002643101d3a0 GCTaskThread "GC Thread#1" [stack: 0x0000009bd8d00000,0x0000009bd8e00000] [id=6888]
  0x0000026431042f80 GCTaskThread "GC Thread#2" [stack: 0x0000009bd8e00000,0x0000009bd8f00000] [id=8188]
  0x0000026431043230 GCTaskThread "GC Thread#3" [stack: 0x0000009bd8f00000,0x0000009bd9000000] [id=5440]
  0x0000026412c68f10 ConcurrentGCThread "G1 Main Marker" [stack: 0x0000009bd7b00000,0x0000009bd7c00000] [id=244]
  0x0000026412c6a0c0 ConcurrentGCThread "G1 Conc#0" [stack: 0x0000009bd7c00000,0x0000009bd7d00000] [id=6012]
  0x0000026412ca7100 ConcurrentGCThread "G1 Refine#0" [stack: 0x0000009bd7d00000,0x0000009bd7e00000] [id=4048]
  0x0000026430c288e0 ConcurrentGCThread "G1 Refine#1" [stack: 0x0000009bd9000000,0x0000009bd9100000] [id=3512]
  0x0000026412ca7b20 ConcurrentGCThread "G1 Service" [stack: 0x0000009bd7e00000,0x0000009bd7f00000] [id=3496]

Threads with active compile tasks:
C2 CompilerThread0     2131 1587       4       jdk.internal.org.objectweb.asm.Frame::execute (2305 bytes)
C1 CompilerThread0     2132 1791   !   3       java.lang.Class::getTypeName (59 bytes)
C2 CompilerThread1     2132 1773 %     4       java.util.Properties::loadConvert @ 8 (540 bytes)

[error occurred during error reporting (printing all threads), id 0xc0000005, EXCEPTION_ACCESS_VIOLATION (0xc0000005) at pc=0x00007ff9f5a27149]

VM state: not at safepoint (normal execution)

VM Mutex/Monitor currently owned by a thread: None

Heap address: 0x00000000c2800000, size: 984 MB, Compressed Oops mode: 32-bit

CDS archive(s) mapped at: [0x0000000800000000-0x0000000800bc0000-0x0000000800bc0000), size 12320768, SharedBaseAddress: 0x0000000800000000, ArchiveRelocationMode: 0.
Compressed class space mapped at: 0x0000000800c00000-0x0000000840c00000, reserved size: 1073741824
Narrow klass base: 0x0000000800000000, Narrow klass shift: 0, Narrow klass range: 0x100000000

GC Precious Log:
 CPUs: 4 total, 4 available
 Memory: 3932M
 Large Page Support: Disabled
 NUMA Support: Disabled
 Compressed Oops: Enabled (32-bit)
 Heap Region Size: 1M
 Heap Min Capacity: 8M
 Heap Initial Capacity: 62M
 Heap Max Capacity: 984M
 Pre-touch: Disabled
 Parallel Workers: 4
 Concurrent Workers: 1
 Concurrent Refinement Workers: 4
 Periodic GC: Disabled

Heap:
 garbage-first heap   total 63488K, used 8308K [0x00000000c2800000, 0x0000000100000000)
  region size 1024K, 6 young (6144K), 3 survivors (3072K)
 Metaspace       used 14318K, committed 14592K, reserved 1064960K
  class space    used 1776K, committed 1920K, reserved 1048576K

Heap Regions: E=young(eden), S=young(survivor), O=old, HS=humongous(starts), HC=humongous(continues), CS=collection set, F=free, OA=open archive, CA=closed archive, TAMS=top-at-mark-start (previous, next)
|   0|0x00000000c2800000, 0x00000000c2900000, 0x00000000c2900000|100%| O|  |TAMS 0x00000000c2800000, 0x00000000c2800000| Untracked 
|   1|0x00000000c2900000, 0x00000000c2a00000, 0x00000000c2a00000|100%| O|  |TAMS 0x00000000c2900000, 0x00000000c2900000| Untracked 
|   2|0x00000000c2a00000, 0x00000000c2b00000, 0x00000000c2b00000|100%| O|  |TAMS 0x00000000c2a00000, 0x00000000c2a00000| Untracked 
|   3|0x00000000c2b00000, 0x00000000c2bf6400, 0x00000000c2c00000| 96%| O|  |TAMS 0x00000000c2b00000, 0x00000000c2b00000| Untracked 
|   4|0x00000000c2c00000, 0x00000000c2c00000, 0x00000000c2d00000|  0%| F|  |TAMS 0x00000000c2c00000, 0x00000000c2c00000| Untracked 
|   5|0x00000000c2d00000, 0x00000000c2d00000, 0x00000000c2e00000|  0%| F|  |TAMS 0x00000000c2d00000, 0x00000000c2d00000| Untracked 
|   6|0x00000000c2e00000, 0x00000000c2e00000, 0x00000000c2f00000|  0%| F|  |TAMS 0x00000000c2e00000, 0x00000000c2e00000| Untracked 
|   7|0x00000000c2f00000, 0x00000000c2f00000, 0x00000000c3000000|  0%| F|  |TAMS 0x00000000c2f00000, 0x00000000c2f00000| Untracked 
|   8|0x00000000c3000000, 0x00000000c3000000, 0x00000000c3100000|  0%| F|  |TAMS 0x00000000c3000000, 0x00000000c3000000| Untracked 
|   9|0x00000000c3100000, 0x00000000c3100000, 0x00000000c3200000|  0%| F|  |TAMS 0x00000000c3100000, 0x00000000c3100000| Untracked 
|  10|0x00000000c3200000, 0x00000000c3200000, 0x00000000c3300000|  0%| F|  |TAMS 0x00000000c3200000, 0x00000000c3200000| Untracked 
|  11|0x00000000c3300000, 0x00000000c3300000, 0x00000000c3400000|  0%| F|  |TAMS 0x00000000c3300000, 0x00000000c3300000| Untracked 
|  12|0x00000000c3400000, 0x00000000c3400000, 0x00000000c3500000|  0%| F|  |TAMS 0x00000000c3400000, 0x00000000c3400000| Untracked 
|  13|0x00000000c3500000, 0x00000000c3500000, 0x00000000c3600000|  0%| F|  |TAMS 0x00000000c3500000, 0x00000000c3500000| Untracked 
|  14|0x00000000c3600000, 0x00000000c3600000, 0x00000000c3700000|  0%| F|  |TAMS 0x00000000c3600000, 0x00000000c3600000| Untracked 
|  15|0x00000000c3700000, 0x00000000c3700000, 0x00000000c3800000|  0%| F|  |TAMS 0x00000000c3700000, 0x00000000c3700000| Untracked 
|  16|0x00000000c3800000, 0x00000000c3800000, 0x00000000c3900000|  0%| F|  |TAMS 0x00000000c3800000, 0x00000000c3800000| Untracked 
|  17|0x00000000c3900000, 0x00000000c3900000, 0x00000000c3a00000|  0%| F|  |TAMS 0x00000000c3900000, 0x00000000c3900000| Untracked 
|  18|0x00000000c3a00000, 0x00000000c3a00000, 0x00000000c3b00000|  0%| F|  |TAMS 0x00000000c3a00000, 0x00000000c3a00000| Untracked 
|  19|0x00000000c3b00000, 0x00000000c3b00000, 0x00000000c3c00000|  0%| F|  |TAMS 0x00000000c3b00000, 0x00000000c3b00000| Untracked 
|  20|0x00000000c3c00000, 0x00000000c3c00000, 0x00000000c3d00000|  0%| F|  |TAMS 0x00000000c3c00000, 0x00000000c3c00000| Untracked 
|  21|0x00000000c3d00000, 0x00000000c3d00000, 0x00000000c3e00000|  0%| F|  |TAMS 0x00000000c3d00000, 0x00000000c3d00000| Untracked 
|  22|0x00000000c3e00000, 0x00000000c3e00000, 0x00000000c3f00000|  0%| F|  |TAMS 0x00000000c3e00000, 0x00000000c3e00000| Untracked 
|  23|0x00000000c3f00000, 0x00000000c3f00000, 0x00000000c4000000|  0%| F|  |TAMS 0x00000000c3f00000, 0x00000000c3f00000| Untracked 
|  24|0x00000000c4000000, 0x00000000c4000000, 0x00000000c4100000|  0%| F|  |TAMS 0x00000000c4000000, 0x00000000c4000000| Untracked 
|  25|0x00000000c4100000, 0x00000000c4100000, 0x00000000c4200000|  0%| F|  |TAMS 0x00000000c4100000, 0x00000000c4100000| Untracked 
|  26|0x00000000c4200000, 0x00000000c4200000, 0x00000000c4300000|  0%| F|  |TAMS 0x00000000c4200000, 0x00000000c4200000| Untracked 
|  27|0x00000000c4300000, 0x00000000c4300000, 0x00000000c4400000|  0%| F|  |TAMS 0x00000000c4300000, 0x00000000c4300000| Untracked 
|  28|0x00000000c4400000, 0x00000000c4400000, 0x00000000c4500000|  0%| F|  |TAMS 0x00000000c4400000, 0x00000000c4400000| Untracked 
|  29|0x00000000c4500000, 0x00000000c4500000, 0x00000000c4600000|  0%| F|  |TAMS 0x00000000c4500000, 0x00000000c4500000| Untracked 
|  30|0x00000000c4600000, 0x00000000c4600000, 0x00000000c4700000|  0%| F|  |TAMS 0x00000000c4600000, 0x00000000c4600000| Untracked 
|  31|0x00000000c4700000, 0x00000000c4700000, 0x00000000c4800000|  0%| F|  |TAMS 0x00000000c4700000, 0x00000000c4700000| Untracked 
|  32|0x00000000c4800000, 0x00000000c4800000, 0x00000000c4900000|  0%| F|  |TAMS 0x00000000c4800000, 0x00000000c4800000| Untracked 
|  33|0x00000000c4900000, 0x00000000c4900000, 0x00000000c4a00000|  0%| F|  |TAMS 0x00000000c4900000, 0x00000000c4900000| Untracked 
|  34|0x00000000c4a00000, 0x00000000c4a26d10, 0x00000000c4b00000| 15%| S|CS|TAMS 0x00000000c4a00000, 0x00000000c4a00000| Complete 
|  35|0x00000000c4b00000, 0x00000000c4c00000, 0x00000000c4c00000|100%| S|CS|TAMS 0x00000000c4b00000, 0x00000000c4b00000| Complete 
|  36|0x00000000c4c00000, 0x00000000c4d00000, 0x00000000c4d00000|100%| S|CS|TAMS 0x00000000c4c00000, 0x00000000c4c00000| Complete 
|  37|0x00000000c4d00000, 0x00000000c4d00000, 0x00000000c4e00000|  0%| F|  |TAMS 0x00000000c4d00000, 0x00000000c4d00000| Untracked 
|  38|0x00000000c4e00000, 0x00000000c4e00000, 0x00000000c4f00000|  0%| F|  |TAMS 0x00000000c4e00000, 0x00000000c4e00000| Untracked 
|  39|0x00000000c4f00000, 0x00000000c4f00000, 0x00000000c5000000|  0%| F|  |TAMS 0x00000000c4f00000, 0x00000000c4f00000| Untracked 
|  40|0x00000000c5000000, 0x00000000c5000000, 0x00000000c5100000|  0%| F|  |TAMS 0x00000000c5000000, 0x00000000c5000000| Untracked 
|  41|0x00000000c5100000, 0x00000000c5100000, 0x00000000c5200000|  0%| F|  |TAMS 0x00000000c5100000, 0x00000000c5100000| Untracked 
|  42|0x00000000c5200000, 0x00000000c5200000, 0x00000000c5300000|  0%| F|  |TAMS 0x00000000c5200000, 0x00000000c5200000| Untracked 
|  43|0x00000000c5300000, 0x00000000c5300000, 0x00000000c5400000|  0%| F|  |TAMS 0x00000000c5300000, 0x00000000c5300000| Untracked 
|  44|0x00000000c5400000, 0x00000000c5400000, 0x00000000c5500000|  0%| F|  |TAMS 0x00000000c5400000, 0x00000000c5400000| Untracked 
|  45|0x00000000c5500000, 0x00000000c5500000, 0x00000000c5600000|  0%| F|  |TAMS 0x00000000c5500000, 0x00000000c5500000| Untracked 
|  46|0x00000000c5600000, 0x00000000c5600000, 0x00000000c5700000|  0%| F|  |TAMS 0x00000000c5600000, 0x00000000c5600000| Untracked 
|  47|0x00000000c5700000, 0x00000000c5700000, 0x00000000c5800000|  0%| F|  |TAMS 0x00000000c5700000, 0x00000000c5700000| Untracked 
|  48|0x00000000c5800000, 0x00000000c5800000, 0x00000000c5900000|  0%| F|  |TAMS 0x00000000c5800000, 0x00000000c5800000| Untracked 
|  49|0x00000000c5900000, 0x00000000c5900000, 0x00000000c5a00000|  0%| F|  |TAMS 0x00000000c5900000, 0x00000000c5900000| Untracked 
|  50|0x00000000c5a00000, 0x00000000c5a00000, 0x00000000c5b00000|  0%| F|  |TAMS 0x00000000c5a00000, 0x00000000c5a00000| Untracked 
|  51|0x00000000c5b00000, 0x00000000c5b00000, 0x00000000c5c00000|  0%| F|  |TAMS 0x00000000c5b00000, 0x00000000c5b00000| Untracked 
|  52|0x00000000c5c00000, 0x00000000c5c00000, 0x00000000c5d00000|  0%| F|  |TAMS 0x00000000c5c00000, 0x00000000c5c00000| Untracked 
|  53|0x00000000c5d00000, 0x00000000c5d00000, 0x00000000c5e00000|  0%| F|  |TAMS 0x00000000c5d00000, 0x00000000c5d00000| Untracked 
|  54|0x00000000c5e00000, 0x00000000c5e00000, 0x00000000c5f00000|  0%| F|  |TAMS 0x00000000c5e00000, 0x00000000c5e00000| Untracked 
|  55|0x00000000c5f00000, 0x00000000c5f00000, 0x00000000c6000000|  0%| F|  |TAMS 0x00000000c5f00000, 0x00000000c5f00000| Untracked 
|  56|0x00000000c6000000, 0x00000000c6000000, 0x00000000c6100000|  0%| F|  |TAMS 0x00000000c6000000, 0x00000000c6000000| Untracked 
|  57|0x00000000c6100000, 0x00000000c6100000, 0x00000000c6200000|  0%| F|  |TAMS 0x00000000c6100000, 0x00000000c6100000| Untracked 
|  58|0x00000000c6200000, 0x00000000c6208868, 0x00000000c6300000| 53%| E|  |TAMS 0x00000000c6200000, 0x00000000c6200000| Complete 
|  59|0x00000000c6300000, 0x00000000c6400000, 0x00000000c6400000|100%| E|CS|TAMS 0x00000000c6300000, 0x00000000c6300000| Complete 
|  60|0x00000000c6400000, 0x00000000c6500000, 0x00000000c6500000|100%| E|CS|TAMS 0x00000000c6400000, 0x00000000c6400000| Complete 
|  61|0x00000000c6500000, 0x00000000c6600000, 0x00000000c6600000|100%| E|CS|TAMS 0x00000000c6500000, 0x00000000c6500000| Complete 

Card table byte_map: [0x000002642b4c0000,0x000002642b6b0000] _byte_map_base: 0x000002642aeac000

Marking Bits (Prev, Next): (CMBitMap*) 0x0000026412c60ae0, (CMBitMap*) 0x0000026412c60b20
 Prev Bits: [0x000002642b8a0000, 0x000002642c800000)
 Next Bits: [0x000002642c800000, 0x000002642d760000)

Polling page: 0x0000026412aa0000

Metaspace:

Usage:
  Non-class:     12.28 MB used.
      Class:      1.74 MB used.
       Both:     14.02 MB used.

Virtual space:
  Non-class space:       16.00 MB reserved,      12.44 MB ( 78%) committed,  2 nodes.
      Class space:        1.00 GB reserved,       1.88 MB ( <1%) committed,  1 nodes.
             Both:        1.02 GB reserved,      14.31 MB (  1%) committed. 

Chunk freelists:
   Non-Class:  3.17 MB
       Class:  2.10 MB
        Both:  5.27 MB

MaxMetaspaceSize: unlimited
CompressedClassSpaceSize: 1.00 GB
Initial GC threshold: 21.00 MB
Current GC threshold: 21.00 MB
CDS: on
MetaspaceReclaimPolicy: balanced
 - commit_granule_bytes: 65536.
 - commit_granule_words: 8192.
 - virtual_space_node_default_size: 1048576.
 - enlarge_chunks_in_place: 1.
 - new_chunks_are_fully_committed: 0.
 - uncommit_free_chunks: 1.
 - use_allocation_guard: 0.
 - handle_deallocations: 1.


Internal statistics:

num_allocs_failed_limit: 0.
num_arena_births: 158.
num_arena_deaths: 0.
num_vsnodes_births: 3.
num_vsnodes_deaths: 0.
num_space_committed: 229.
num_space_uncommitted: 0.
num_chunks_returned_to_freelist: 0.
num_chunks_taken_from_freelist: 624.
num_chunk_merges: 0.
num_chunk_splits: 425.
num_chunks_enlarged: 345.
num_purges: 0.
num_inconsistent_stats: 0.

CodeHeap 'non-profiled nmethods': size=120000Kb used=611Kb max_used=611Kb free=119388Kb
 bounds [0x0000026423780000, 0x00000264239f0000, 0x000002642acb0000]
CodeHeap 'profiled nmethods': size=120000Kb used=3358Kb max_used=3358Kb free=116641Kb
 bounds [0x000002641c250000, 0x000002641c5a0000, 0x0000026423780000]
CodeHeap 'non-nmethods': size=5760Kb used=1169Kb max_used=1191Kb free=4590Kb
 bounds [0x000002641bcb0000, 0x000002641bf20000, 0x000002641c250000]
 total_blobs=2246 nmethods=1787 adapters=371
 compilation: enabled
              stopped_count=0, restarted_count=0
 full_count=0

Compilation events (20 events):
Event: 2.083 Thread 0x0000026430926890 nmethod 1709 0x0000026423815d10 code [0x0000026423815e80, 0x0000026423815ef8]
Event: 2.083 Thread 0x0000026430926890 1739       4       org.springframework.core.annotation.AttributeMethods::get (7 bytes)
Event: 2.084 Thread 0x0000026430926890 nmethod 1739 0x0000026423816010 code [0x0000026423816180, 0x0000026423816238]
Event: 2.084 Thread 0x0000026430926890 1704       4       java.net.URLStreamHandler::setURL (73 bytes)
Event: 2.086 Thread 0x000002642fcd45a0 1771  s    3       java.util.Properties::put (10 bytes)
Event: 2.087 Thread 0x000002642fcd45a0 nmethod 1771 0x000002641c58eb90 code [0x000002641c58ed40, 0x000002641c58efa8]
Event: 2.095 Thread 0x000002642fcd45a0 1774 %     3       java.util.Properties::load0 @ 29 (249 bytes)
Event: 2.097 Thread 0x000002642fcd45a0 nmethod 1774% 0x000002641c58f090 code [0x000002641c58f2e0, 0x000002641c590048]
Event: 2.098 Thread 0x000002642fcd45a0 1775       3       java.util.Properties::load0 (249 bytes)
Event: 2.099 Thread 0x000002642fcd45a0 nmethod 1775 0x000002641c590510 code [0x000002641c590760, 0x000002641c591368]
Event: 2.100 Thread 0x000002642fcd45a0 1776       1       java.util.concurrent.ConcurrentHashMap$MapEntry::getKey (5 bytes)
Event: 2.100 Thread 0x000002642fcd45a0 nmethod 1776 0x0000026423816310 code [0x00000264238164a0, 0x0000026423816578]
Event: 2.100 Thread 0x000002642fcd45a0 1777       1       java.util.concurrent.ConcurrentHashMap$MapEntry::getValue (5 bytes)
Event: 2.100 Thread 0x000002642fcd45a0 nmethod 1777 0x0000026423816610 code [0x00000264238167a0, 0x0000026423816878]
Event: 2.100 Thread 0x000002642fcd45a0 1778       3       java.util.concurrent.ConcurrentHashMap$EntryIterator::next (5 bytes)
Event: 2.101 Thread 0x000002642fcd45a0 nmethod 1778 0x000002641c591790 code [0x000002641c591920, 0x000002641c591a68]
Event: 2.101 Thread 0x000002642fcd45a0 1779       3       java.util.concurrent.ConcurrentHashMap$MapEntry::<init> (20 bytes)
Event: 2.101 Thread 0x000002642fcd45a0 nmethod 1779 0x000002641c591b10 code [0x000002641c591cc0, 0x000002641c591f38]
Event: 2.101 Thread 0x000002642fcd45a0 1780       3       java.util.concurrent.ConcurrentHashMap$EntryIterator::next (51 bytes)
Event: 2.102 Thread 0x000002642fcd45a0 nmethod 1780 0x000002641c592010 code [0x000002641c5921e0, 0x000002641c5926f8]

GC Heap History (6 events):
Event: 0.928 GC heap before
{Heap before GC invocations=0 (full 0):
 garbage-first heap   total 63488K, used 13312K [0x00000000c2800000, 0x0000000100000000)
  region size 1024K, 13 young (13312K), 0 survivors (0K)
 Metaspace       used 4144K, committed 4224K, reserved 1056768K
  class space    used 459K, committed 512K, reserved 1048576K
}
Event: 0.936 GC heap after
{Heap after GC invocations=1 (full 0):
 garbage-first heap   total 63488K, used 3729K [0x00000000c2800000, 0x0000000100000000)
  region size 1024K, 2 young (2048K), 2 survivors (2048K)
 Metaspace       used 4144K, committed 4224K, reserved 1056768K
  class space    used 459K, committed 512K, reserved 1048576K
}
Event: 1.516 GC heap before
{Heap before GC invocations=1 (full 0):
 garbage-first heap   total 63488K, used 16017K [0x00000000c2800000, 0x0000000100000000)
  region size 1024K, 14 young (14336K), 2 survivors (2048K)
 Metaspace       used 7340K, committed 7552K, reserved 1056768K
  class space    used 923K, committed 1024K, reserved 1048576K
}
Event: 1.522 GC heap after
{Heap after GC invocations=2 (full 0):
 garbage-first heap   total 63488K, used 5404K [0x00000000c2800000, 0x0000000100000000)
  region size 1024K, 2 young (2048K), 2 survivors (2048K)
 Metaspace       used 7340K, committed 7552K, reserved 1056768K
  class space    used 923K, committed 1024K, reserved 1048576K
}
Event: 2.004 GC heap before
{Heap before GC invocations=2 (full 0):
 garbage-first heap   total 63488K, used 27932K [0x00000000c2800000, 0x0000000100000000)
  region size 1024K, 25 young (25600K), 2 survivors (2048K)
 Metaspace       used 13923K, committed 14080K, reserved 1064960K
  class space    used 1729K, committed 1792K, reserved 1048576K
}
Event: 2.011 GC heap after
{Heap after GC invocations=3 (full 0):
 garbage-first heap   total 63488K, used 6260K [0x00000000c2800000, 0x0000000100000000)
  region size 1024K, 3 young (3072K), 3 survivors (3072K)
 Metaspace       used 13923K, committed 14080K, reserved 1064960K
  class space    used 1729K, committed 1792K, reserved 1048576K
}

Deoptimization events (20 events):
Event: 1.970 Thread 0x0000026412c24ce0 Uncommon trap: trap_request=0xffffff45 fr.pc=0x00000264237b03cc relative=0x0000000000000fec
Event: 1.970 Thread 0x0000026412c24ce0 Uncommon trap: reason=unstable_if action=reinterpret pc=0x00000264237b03cc method=java.util.zip.ZipCoder.hash(Ljava/lang/String;)I @ 23 c2
Event: 1.970 Thread 0x0000026412c24ce0 DEOPT PACKING pc=0x00000264237b03cc sp=0x0000009bd79fdd90
Event: 1.970 Thread 0x0000026412c24ce0 DEOPT UNPACKING pc=0x000002641bd023a3 sp=0x0000009bd79fdc40 mode 2
Event: 1.970 Thread 0x0000026412c24ce0 Uncommon trap: trap_request=0xffffff45 fr.pc=0x00000264237ac4a4 relative=0x00000000000005c4
Event: 1.970 Thread 0x0000026412c24ce0 Uncommon trap: reason=unstable_if action=reinterpret pc=0x00000264237ac4a4 method=java.util.zip.ZipCoder.hash(Ljava/lang/String;)I @ 23 c2
Event: 1.970 Thread 0x0000026412c24ce0 DEOPT PACKING pc=0x00000264237ac4a4 sp=0x0000009bd79fdd00
Event: 1.970 Thread 0x0000026412c24ce0 DEOPT UNPACKING pc=0x000002641bd023a3 sp=0x0000009bd79fdc30 mode 2
Event: 1.970 Thread 0x0000026412c24ce0 Uncommon trap: trap_request=0xffffff45 fr.pc=0x00000264237ab69c relative=0x00000000000001fc
Event: 1.970 Thread 0x0000026412c24ce0 Uncommon trap: reason=unstable_if action=reinterpret pc=0x00000264237ab69c method=java.util.zip.ZipCoder.hash(Ljava/lang/String;)I @ 23 c2
Event: 1.970 Thread 0x0000026412c24ce0 DEOPT PACKING pc=0x00000264237ab69c sp=0x0000009bd79fdc90
Event: 1.970 Thread 0x0000026412c24ce0 DEOPT UNPACKING pc=0x000002641bd023a3 sp=0x0000009bd79fdc28 mode 2
Event: 1.973 Thread 0x0000026412c24ce0 Uncommon trap: trap_request=0xffffff45 fr.pc=0x000002642379fdf0 relative=0x00000000000001d0
Event: 1.973 Thread 0x0000026412c24ce0 Uncommon trap: reason=unstable_if action=reinterpret pc=0x000002642379fdf0 method=java.util.StringTokenizer.scanToken(I)I @ 42 c2
Event: 1.973 Thread 0x0000026412c24ce0 DEOPT PACKING pc=0x000002642379fdf0 sp=0x0000009bd79fdd80
Event: 1.973 Thread 0x0000026412c24ce0 DEOPT UNPACKING pc=0x000002641bd023a3 sp=0x0000009bd79fdd10 mode 2
Event: 2.028 Thread 0x0000026412c24ce0 Uncommon trap: trap_request=0xffffff45 fr.pc=0x00000264237ef970 relative=0x0000000000000e10
Event: 2.028 Thread 0x0000026412c24ce0 Uncommon trap: reason=unstable_if action=reinterpret pc=0x00000264237ef970 method=jdk.internal.org.objectweb.asm.SymbolTable.put(Ljdk/internal/org/objectweb/asm/SymbolTable$Entry;)Ljdk/internal/org/objectweb/asm/SymbolTable$Entry; @ 13 c2
Event: 2.028 Thread 0x0000026412c24ce0 DEOPT PACKING pc=0x00000264237ef970 sp=0x0000009bd79fcbf0
Event: 2.028 Thread 0x0000026412c24ce0 DEOPT UNPACKING pc=0x000002641bd023a3 sp=0x0000009bd79fcb48 mode 2

Classes unloaded (0 events):
No events

Classes redefined (0 events):
No events

Internal exceptions (20 events):
Event: 1.894 Thread 0x00000264311ed710 Exception <a 'java/lang/NoSuchMethodError'{0x00000000c4f5a608}: 'long java.lang.invoke.DirectMethodHandle$Holder.invokeSpecial(java.lang.Object, java.lang.Object)'> (0x00000000c4f5a608) 
thrown [s\open\src\hotspot\share\interpreter\linkResolver.cpp, line 759]
Event: 1.898 Thread 0x00000264311ed710 Exception <a 'java/lang/NoSuchMethodError'{0x00000000c4fd6200}: 'long java.lang.invoke.DirectMethodHandle$Holder.invokeStatic(java.lang.Object, java.lang.Object)'> (0x00000000c4fd6200) 
thrown [s\open\src\hotspot\share\interpreter\linkResolver.cpp, line 759]
Event: 1.898 Thread 0x00000264311ed710 Exception <a 'java/lang/NoSuchMethodError'{0x00000000c4fd9800}: 'long java.lang.invoke.DirectMethodHandle$Holder.invokeStaticInit(java.lang.Object, java.lang.Object)'> (0x00000000c4fd9800) 
thrown [s\open\src\hotspot\share\interpreter\linkResolver.cpp, line 759]
Event: 1.904 Thread 0x00000264311ed710 Exception <a 'java/lang/NoSuchMethodError'{0x00000000c4fe7638}: 'long java.lang.invoke.DirectMethodHandle$Holder.invokeInterface(java.lang.Object, java.lang.Object)'> (0x00000000c4fe7638) 
thrown [s\open\src\hotspot\share\interpreter\linkResolver.cpp, line 759]
Event: 1.905 Thread 0x00000264311ed710 Exception <a 'java/lang/IncompatibleClassChangeError'{0x00000000c4feabc8}: Found class java.lang.Object, but interface was expected> (0x00000000c4feabc8) 
thrown [s\open\src\hotspot\share\interpreter\linkResolver.cpp, line 826]
Event: 1.910 Thread 0x0000026412c24ce0 Exception <a 'java/lang/ClassNotFoundException'{0x00000000c4f7c7a0}: org/springframework/context/annotation/ConfigurationClassPostProcessorCustomizer> (0x00000000c4f7c7a0) 
thrown [s\open\src\hotspot\share\classfile\systemDictionary.cpp, line 256]
Event: 1.918 Thread 0x0000026412c24ce0 Exception <a 'java/lang/ClassNotFoundException'{0x00000000c4f99eb8}: org/springframework/beans/factory/support/BeanDefinitionRegistryPostProcessorCustomizer> (0x00000000c4f99eb8) 
thrown [s\open\src\hotspot\share\classfile\systemDictionary.cpp, line 256]
Event: 1.919 Thread 0x0000026412c24ce0 Exception <a 'java/lang/ClassNotFoundException'{0x00000000c4f9de48}: org/springframework/beans/factory/config/BeanFactoryPostProcessorCustomizer> (0x00000000c4f9de48) 
thrown [s\open\src\hotspot\share\classfile\systemDictionary.cpp, line 256]
Event: 1.920 Thread 0x0000026412c24ce0 Exception <a 'java/lang/ClassNotFoundException'{0x00000000c4fa1da0}: org/springframework/core/PriorityOrderedCustomizer> (0x00000000c4fa1da0) 
thrown [s\open\src\hotspot\share\classfile\systemDictionary.cpp, line 256]
Event: 1.920 Thread 0x0000026412c24ce0 Exception <a 'java/lang/ClassNotFoundException'{0x00000000c4fa49e0}: org/springframework/core/OrderedCustomizer> (0x00000000c4fa49e0) 
thrown [s\open\src\hotspot\share\classfile\systemDictionary.cpp, line 256]
Event: 1.921 Thread 0x0000026412c24ce0 Exception <a 'java/lang/ClassNotFoundException'{0x00000000c4fa8728}: org/springframework/context/ResourceLoaderAwareCustomizer> (0x00000000c4fa8728) 
thrown [s\open\src\hotspot\share\classfile\systemDictionary.cpp, line 256]
Event: 1.922 Thread 0x0000026412c24ce0 Exception <a 'java/lang/ClassNotFoundException'{0x00000000c4fac658}: org/springframework/beans/factory/AwareCustomizer> (0x00000000c4fac658) 
thrown [s\open\src\hotspot\share\classfile\systemDictionary.cpp, line 256]
Event: 1.922 Thread 0x0000026412c24ce0 Exception <a 'java/lang/ClassNotFoundException'{0x00000000c4faf4c0}: org/springframework/context/ApplicationStartupAwareCustomizer> (0x00000000c4faf4c0) 
thrown [s\open\src\hotspot\share\classfile\systemDictionary.cpp, line 256]
Event: 1.923 Thread 0x0000026412c24ce0 Exception <a 'java/lang/ClassNotFoundException'{0x00000000c4fb3678}: org/springframework/beans/factory/AwareCustomizer> (0x00000000c4fb3678) 
thrown [s\open\src\hotspot\share\classfile\systemDictionary.cpp, line 256]
Event: 1.924 Thread 0x0000026412c24ce0 Exception <a 'java/lang/ClassNotFoundException'{0x00000000c4fb64a8}: org/springframework/beans/factory/BeanClassLoaderAwareCustomizer> (0x00000000c4fb64a8) 
thrown [s\open\src\hotspot\share\classfile\systemDictionary.cpp, line 256]
Event: 1.925 Thread 0x0000026412c24ce0 Exception <a 'java/lang/ClassNotFoundException'{0x00000000c4fba3c0}: org/springframework/beans/factory/AwareCustomizer> (0x00000000c4fba3c0) 
thrown [s\open\src\hotspot\share\classfile\systemDictionary.cpp, line 256]
Event: 1.926 Thread 0x0000026412c24ce0 Exception <a 'java/lang/ClassNotFoundException'{0x00000000c4fbd318}: org/springframework/context/EnvironmentAwareCustomizer> (0x00000000c4fbd318) 
thrown [s\open\src\hotspot\share\classfile\systemDictionary.cpp, line 256]
Event: 1.927 Thread 0x0000026412c24ce0 Exception <a 'java/lang/ClassNotFoundException'{0x00000000c4fc11c8}: org/springframework/beans/factory/AwareCustomizer> (0x00000000c4fc11c8) 
thrown [s\open\src\hotspot\share\classfile\systemDictionary.cpp, line 256]
Event: 1.927 Thread 0x00000264311ed710 Exception <a 'java/lang/NoSuchMethodError'{0x00000000c4e5bf20}: 'java.lang.Object java.lang.invoke.DirectMethodHandle$Holder.invokeVirtual(java.lang.Object, java.lang.Object, java.lang.Object, java.lang.Object)'> (0x00000000c4e5bf20) 
thrown [s\open\src\hotspot\share\interpreter\linkResolver.cpp, line 759]
Event: 1.968 Thread 0x0000026412c24ce0 Exception <a 'java/lang/NoSuchMethodError'{0x00000000c4d58ac8}: 'java.lang.Object java.lang.invoke.DirectMethodHandle$Holder.invokeVirtual(java.lang.Object, java.lang.Object, java.lang.Object)'> (0x00000000c4d58ac8) 
thrown [s\open\src\hotspot\share\interpreter\linkResolver.cpp, line 759]

VM Operations (20 events):
Event: 0.152 Executing VM operation: HandshakeAllThreads
Event: 0.152 Executing VM operation: HandshakeAllThreads done
Event: 0.578 Executing VM operation: HandshakeAllThreads
Event: 0.578 Executing VM operation: HandshakeAllThreads done
Event: 0.619 Executing VM operation: HandshakeAllThreads
Event: 0.619 Executing VM operation: HandshakeAllThreads done
Event: 0.906 Executing VM operation: HandshakeAllThreads
Event: 0.906 Executing VM operation: HandshakeAllThreads done
Event: 0.928 Executing VM operation: G1CollectForAllocation
Event: 0.936 Executing VM operation: G1CollectForAllocation done
Event: 1.220 Executing VM operation: HandshakeAllThreads
Event: 1.220 Executing VM operation: HandshakeAllThreads done
Event: 1.511 Executing VM operation: HandshakeAllThreads
Event: 1.511 Executing VM operation: HandshakeAllThreads done
Event: 1.516 Executing VM operation: G1CollectForAllocation
Event: 1.522 Executing VM operation: G1CollectForAllocation done
Event: 1.951 Executing VM operation: HandshakeAllThreads
Event: 1.951 Executing VM operation: HandshakeAllThreads done
Event: 2.004 Executing VM operation: G1CollectForAllocation
Event: 2.011 Executing VM operation: G1CollectForAllocation done

Events (20 events):
Event: 1.911 loading class java/util/Hashtable$EntrySet done
Event: 1.917 loading class java/util/AbstractList$ListItr
Event: 1.917 loading class java/util/AbstractList$Itr
Event: 1.917 loading class java/util/AbstractList$Itr done
Event: 1.917 loading class java/util/AbstractList$ListItr done
Event: 1.931 loading class java/util/concurrent/ConcurrentLinkedDeque$Itr
Event: 1.931 loading class java/util/concurrent/ConcurrentLinkedDeque$AbstractItr
Event: 1.932 loading class java/util/concurrent/ConcurrentLinkedDeque$AbstractItr done
Event: 1.932 loading class java/util/concurrent/ConcurrentLinkedDeque$Itr done
Event: 1.933 Thread 0x00000264311ed710 Thread exited: 0x00000264311ed710
Event: 1.947 loading class java/net/SocketException
Event: 1.947 loading class java/net/SocketException done
Event: 1.976 loading class java/util/regex/Pattern$LazyLoop
Event: 1.976 loading class java/util/regex/Pattern$Loop
Event: 1.976 loading class java/util/regex/Pattern$Loop done
Event: 1.976 loading class java/util/regex/Pattern$LazyLoop done
Event: 1.977 loading class java/util/regex/Pattern$Prolog
Event: 1.977 loading class java/util/regex/Pattern$Prolog done
Event: 1.986 loading class java/lang/AssertionError
Event: 1.986 loading class java/lang/AssertionError done


Dynamic libraries:
0x00007ff729c80000 - 0x00007ff729c90000 	C:\Program Files\Java\jdk-17.0.4.1\bin\java.exe
0x00007ffa1bcd0000 - 0x00007ffa1bec7000 	C:\Windows\SYSTEM32\ntdll.dll
0x00007ffa1af20000 - 0x00007ffa1afdd000 	C:\Windows\System32\KERNEL32.DLL
0x00007ffa199c0000 - 0x00007ffa19c8d000 	C:\Windows\System32\KERNELBASE.dll
0x00007ffa16ce0000 - 0x00007ffa16d70000 	C:\Windows\SYSTEM32\apphelp.dll
0x00007ffa198c0000 - 0x00007ffa199c0000 	C:\Windows\System32\ucrtbase.dll
0x00007ffa0fd40000 - 0x00007ffa0fd5a000 	C:\Program Files\Java\jdk-17.0.4.1\bin\VCRUNTIME140.dll
0x00007ffa11d50000 - 0x00007ffa11d68000 	C:\Program Files\Java\jdk-17.0.4.1\bin\jli.dll
0x00007ffa19e80000 - 0x00007ffa19f2e000 	C:\Windows\System32\ADVAPI32.dll
0x00007ffa19d30000 - 0x00007ffa19dce000 	C:\Windows\System32\msvcrt.dll
0x00007ffa1a4d0000 - 0x00007ffa1a56c000 	C:\Windows\System32\sechost.dll
0x00007ffa1a6a0000 - 0x00007ffa1a7c5000 	C:\Windows\System32\RPCRT4.dll
0x00007ffa1b890000 - 0x00007ffa1ba30000 	C:\Windows\System32\USER32.dll
0x00007ffa19c90000 - 0x00007ffa19cb2000 	C:\Windows\System32\win32u.dll
0x00007ffa1bc60000 - 0x00007ffa1bc8a000 	C:\Windows\System32\GDI32.dll
0x00007ffa197b0000 - 0x00007ffa198bb000 	C:\Windows\System32\gdi32full.dll
0x00007ffa193f0000 - 0x00007ffa1948d000 	C:\Windows\System32\msvcp_win.dll
0x00007ffa0c9e0000 - 0x00007ffa0cc7a000 	C:\Windows\WinSxS\amd64_microsoft.windows.common-controls_6595b64144ccf1df_6.0.19041.1110_none_60b5254171f9507e\COMCTL32.dll
0x00007ffa0b770000 - 0x00007ffa0b77a000 	C:\Windows\SYSTEM32\VERSION.dll
0x00007ffa1b610000 - 0x00007ffa1b640000 	C:\Windows\System32\IMM32.DLL
0x00007ffa14e70000 - 0x00007ffa14e7c000 	C:\Program Files\Java\jdk-17.0.4.1\bin\vcruntime140_1.dll
0x00007ffa05660000 - 0x00007ffa056ed000 	C:\Program Files\Java\jdk-17.0.4.1\bin\msvcp140.dll
0x00007ff9f52a0000 - 0x00007ff9f5e62000 	C:\Program Files\Java\jdk-17.0.4.1\bin\server\jvm.dll
0x00007ffa1a4c0000 - 0x00007ffa1a4c8000 	C:\Windows\System32\PSAPI.DLL
0x00007ffa14f00000 - 0x00007ffa14f09000 	C:\Windows\SYSTEM32\WSOCK32.dll
0x00007ffa1b350000 - 0x00007ffa1b3bb000 	C:\Windows\System32\WS2_32.dll
0x00007ffa04b10000 - 0x00007ffa04b37000 	C:\Windows\SYSTEM32\WINMM.dll
0x00007ffa172f0000 - 0x00007ffa17302000 	C:\Windows\SYSTEM32\kernel.appcore.dll
0x00007ffa0fb60000 - 0x00007ffa0fb6a000 	C:\Program Files\Java\jdk-17.0.4.1\bin\jimage.dll
0x00007ffa03cf0000 - 0x00007ffa03ed4000 	C:\Windows\SYSTEM32\DBGHELP.DLL
0x00007ffa03cc0000 - 0x00007ffa03cec000 	C:\Windows\SYSTEM32\dbgcore.DLL
0x00007ffa19490000 - 0x00007ffa19512000 	C:\Windows\System32\bcryptPrimitives.dll
0x00007ffa0ef40000 - 0x00007ffa0ef65000 	C:\Program Files\Java\jdk-17.0.4.1\bin\java.dll
0x00007ff9f8ab0000 - 0x00007ff9f8b86000 	C:\Program Files\Java\jdk-17.0.4.1\bin\jsvml.dll
0x00007ffa1a7d0000 - 0x00007ffa1af14000 	C:\Windows\System32\SHELL32.dll
0x00007ffa174f0000 - 0x00007ffa17c84000 	C:\Windows\SYSTEM32\windows.storage.dll
0x00007ffa1aff0000 - 0x00007ffa1b344000 	C:\Windows\System32\combase.dll
0x00007ffa18d80000 - 0x00007ffa18dac000 	C:\Windows\SYSTEM32\Wldp.dll
0x00007ffa19dd0000 - 0x00007ffa19e7d000 	C:\Windows\System32\SHCORE.dll
0x00007ffa19fe0000 - 0x00007ffa1a035000 	C:\Windows\System32\shlwapi.dll
0x00007ffa19330000 - 0x00007ffa1934f000 	C:\Windows\SYSTEM32\profapi.dll
0x00007ffa0a830000 - 0x00007ffa0a849000 	C:\Program Files\Java\jdk-17.0.4.1\bin\net.dll
0x00007ffa0f270000 - 0x00007ffa0f37a000 	C:\Windows\SYSTEM32\WINHTTP.dll
0x00007ffa18ae0000 - 0x00007ffa18b4a000 	C:\Windows\system32\mswsock.dll
0x00007ffa06f00000 - 0x00007ffa06f16000 	C:\Program Files\Java\jdk-17.0.4.1\bin\nio.dll
0x00007ffa06ee0000 - 0x00007ffa06ef8000 	C:\Program Files\Java\jdk-17.0.4.1\bin\zip.dll
0x00007ffa0fb50000 - 0x00007ffa0fb60000 	C:\Program Files\Java\jdk-17.0.4.1\bin\verify.dll
0x00007ffa0d1f0000 - 0x00007ffa0d1f9000 	C:\Program Files\Java\jdk-17.0.4.1\bin\management.dll
0x00007ffa0a8e0000 - 0x00007ffa0a8eb000 	C:\Program Files\Java\jdk-17.0.4.1\bin\management_ext.dll
0x00007ffa06e90000 - 0x00007ffa06ea7000 	C:\Windows\system32\napinsp.dll
0x00007ffa06e70000 - 0x00007ffa06e8b000 	C:\Windows\system32\pnrpnsp.dll
0x00007ffa0d8c0000 - 0x00007ffa0d8d5000 	C:\Windows\system32\wshbth.dll
0x00007ffa14dd0000 - 0x00007ffa14ded000 	C:\Windows\system32\NLAapi.dll
0x00007ffa187d0000 - 0x00007ffa1880b000 	C:\Windows\SYSTEM32\IPHLPAPI.DLL
0x00007ffa18810000 - 0x00007ffa188db000 	C:\Windows\SYSTEM32\DNSAPI.dll
0x00007ffa1afe0000 - 0x00007ffa1afe8000 	C:\Windows\System32\NSI.dll
0x00007ffa05d10000 - 0x00007ffa05d22000 	C:\Windows\System32\winrnr.dll
0x00007ffa0e8d0000 - 0x00007ffa0e8da000 	C:\Windows\System32\rasadhlp.dll
0x00007ffa0ef70000 - 0x00007ffa0eff0000 	C:\Windows\System32\fwpuclnt.dll
0x00007ffa19570000 - 0x00007ffa19597000 	C:\Windows\System32\bcrypt.dll

dbghelp: loaded successfully - version: 4.0.5 - missing functions: none
symbol engine: initialized successfully - sym options: 0x614 - pdb path: .;C:\Program Files\Java\jdk-17.0.4.1\bin;C:\Windows\SYSTEM32;C:\Windows\WinSxS\amd64_microsoft.windows.common-controls_6595b64144ccf1df_6.0.19041.1110_none_60b5254171f9507e;C:\Program Files\Java\jdk-17.0.4.1\bin\server

VM Arguments:
java_command: com.andimuhammadriffal.Latihan.service.LatihanServiceApplication
java_class_path (initial): E:\Project Semester\Latihan-service\Latihan-service\target\classes;C:\Users\Administrator\.m2\repository\org\springframework\boot\spring-boot-starter-web\2.7.3\spring-boot-starter-web-2.7.3.jar;C:\Users\Administrator\.m2\repository\org\springframework\boot\spring-boot-starter\2.7.3\spring-boot-starter-2.7.3.jar;C:\Users\Administrator\.m2\repository\org\springframework\boot\spring-boot\2.7.3\spring-boot-2.7.3.jar;C:\Users\Administrator\.m2\repository\org\springframework\boot\spring-boot-autoconfigure\2.7.3\spring-boot-autoconfigure-2.7.3.jar;C:\Users\Administrator\.m2\repository\org\springframework\boot\spring-boot-starter-logging\2.7.3\spring-boot-starter-logging-2.7.3.jar;C:\Users\Administrator\.m2\repository\ch\qos\logback\logback-classic\1.2.11\logback-classic-1.2.11.jar;C:\Users\Administrator\.m2\repository\ch\qos\logback\logback-core\1.2.11\logback-core-1.2.11.jar;C:\Users\Administrator\.m2\repository\org\apache\logging\log4j\log4j-to-slf4j\2.17.2\log4j-to-slf4j-2.17.2.jar;C:\Users\Administrator\.m2\repository\org\apache\logging\log4j\log4j-api\2.17.2\log4j-api-2.17.2.jar;C:\Users\Administrator\.m2\repository\org\slf4j\jul-to-slf4j\1.7.36\jul-to-slf4j-1.7.36.jar;C:\Users\Administrator\.m2\repository\jakarta\annotation\jakarta.annotation-api\1.3.5\jakarta.annotation-api-1.3.5.jar;C:\Users\Administrator\.m2\repository\org\yaml\snakeyaml\1.30\snakeyaml-1.30.jar;C:\Users\Administrator\.m2\repository\org\springframework\boot\spring-boot-starter-json\2.7.3\spring-boot-starter-json-2.7.3.jar;C:\Users\Administrator\.m2\repository\com\fasterxml\jackson\core\jackson-databind\2.13.3\jackson-databind-2.13.3.jar;C:\Users\Administrator\.m2\repository\com\fasterxml\jackson\core\jackson-annotations\2.13.3\jackson-annotations-2.13.3.jar;C:\Users\Administrator\.m2\repository\com\fasterxml\jackson\core\jackson-core\2.13.3\jackson-core-2.13.3.jar;C:\Users\Administrator\.m2\repository\com\fasterxml\jackson\datatype\jackson-datatype-jdk8\2.13.3\jackson-d
Launcher Type: SUN_STANDARD

[Global flags]
     intx CICompilerCount                          = 3                                         {product} {ergonomic}
     uint ConcGCThreads                            = 1                                         {product} {ergonomic}
     uint G1ConcRefinementThreads                  = 4                                         {product} {ergonomic}
   size_t G1HeapRegionSize                         = 1048576                                   {product} {ergonomic}
    uintx GCDrainStackTargetSize                   = 64                                        {product} {ergonomic}
   size_t InitialHeapSize                          = 65011712                                  {product} {ergonomic}
   size_t MarkStackSize                            = 4194304                                   {product} {ergonomic}
   size_t MaxHeapSize                              = 1031798784                                {product} {ergonomic}
   size_t MaxNewSize                               = 618659840                                 {product} {ergonomic}
   size_t MinHeapDeltaBytes                        = 1048576                                   {product} {ergonomic}
   size_t MinHeapSize                              = 8388608                                   {product} {ergonomic}
    uintx NonNMethodCodeHeapSize                   = 5832780                                {pd product} {ergonomic}
    uintx NonProfiledCodeHeapSize                  = 122912730                              {pd product} {ergonomic}
    uintx ProfiledCodeHeapSize                     = 122912730                              {pd product} {ergonomic}
    uintx ReservedCodeCacheSize                    = 251658240                              {pd product} {ergonomic}
     bool SegmentedCodeCache                       = true                                      {product} {ergonomic}
   size_t SoftMaxHeapSize                          = 1031798784                             {manageable} {ergonomic}
     bool UseCompressedClassPointers               = true                           {product lp64_product} {ergonomic}
     bool UseCompressedOops                        = true                           {product lp64_product} {ergonomic}
     bool UseG1GC                                  = true                                      {product} {ergonomic}
     bool UseLargePagesIndividualAllocation        = false                                  {pd product} {ergonomic}

Logging:
Log output configuration:
 #0: stdout all=warning uptime,level,tags
 #1: stderr all=off uptime,level,tags

Environment Variables:
JAVA_HOME=C:\Program Files\Java\jdk-17.0.4.1
PATH=C:\Program Files\Common Files\Oracle\Java\javapath;C:\Program Files (x86)\Intel\iCLS Client\;C:\Program Files\Intel\iCLS Client\;C:\Windows\system32;C:\Windows;C:\Windows\System32\Wbem;C:\Windows\System32\WindowsPowerShell\v1.0\;C:\Windows\System32\OpenSSH\;C:\Program Files\Intel\Intel(R) Management Engine Components\DAL;C:\Program Files\Intel\Intel(R) Management Engine Components\IPT;C:\Program Files (x86)\Intel\Intel(R) Management Engine Components\DAL;C:\Program Files (x86)\Intel\Intel(R) Management Engine Components\IPT;C:\Users\Administrator\AppData\Local\Microsoft\WindowsApps;;C:\Users\Administrator\AppData\Local\Programs\Microsoft VS Code\bin
USERNAME=Acer
OS=Windows_NT
PROCESSOR_IDENTIFIER=Intel64 Family 6 Model 42 Stepping 7, GenuineIntel



---------------  S Y S T E M  ---------------

OS:
 Windows 10 , 64 bit Build 19041 (10.0.19041.1741)
OS uptime: 0 days 1:57 hours

CPU: total 4 (initial active 4) (2 cores per cpu, 2 threads per core) family 6 model 42 stepping 7 microcode 0x2f, cx8, cmov, fxsr, ht, mmx, sse, sse2, sse3, ssse3, sse4.1, sse4.2, popcnt, tsc, tscinvbit, avx, clmul, vzeroupper, clflush

Memory: 4k page, system-wide physical 3932M (386M free)
TotalPageFile size 3932M (AvailPageFile size 7M)
current process WorkingSet (physical memory assigned to process): 107M, peak: 111M
current process commit charge ("private bytes"): 174M, peak: 177M

vm_info: Java HotSpot(TM) 64-Bit Server VM (17.0.4.1+1-LTS-2) for windows-amd64 JRE (17.0.4.1+1-LTS-2), built on Aug 16 2022 18:32:06 by "mach5one" with MS VC++ 16.8 / 16.9 (VS2019)

END.
